GROUP,PACKAGE,CLASS,INSTRUCTION_MISSED,INSTRUCTION_COVERED,BRANCH_MISSED,BRANCH_COVERED,LINE_MISSED,LINE_COVERED,COMPLEXITY_MISSED,COMPLEXITY_COVERED,METHOD_MISSED,METHOD_COVERED
onos-app-dhcp-api,org.onosproject.dhcp,IpAssignment,6,110,0,0,1,33,1,13,1,13
onos-app-dhcp-api,org.onosproject.dhcp,IpAssignment.Builder,30,118,1,1,11,30,6,8,5,8
onos-app-dhcp-api,org.onosproject.dhcp,IpAssignment.AssignmentStatus,5,53,0,0,0,5,1,3,1,3
onos-app-dhcp-api,org.onosproject.dhcp,IpAssignment.new Object() {...},4,29,0,0,0,1,0,1,0,1
