<?xml version="1.0" encoding="UTF-8" standalone="yes"?><!DOCTYPE report PUBLIC "-//JACOCO//DTD Report 1.0//EN" "report.dtd"><report name="onos-app-dhcp"><sessioninfo id="ubuntu-6a6e98a9" start="1518984220954" dump="1518984222167"/><package name="org/onosproject/dhcp/cli"><class name="org/onosproject/dhcp/cli/MacIdCompleter"><method name="&lt;init&gt;" desc="()V" line="31"><counter type="INSTRUCTION" missed="3" covered="0"/><counter type="LINE" missed="1" covered="0"/><counter type="COMPLEXITY" missed="1" covered="0"/><counter type="METHOD" missed="1" covered="0"/></method><method name="complete" desc="(Ljava/lang/String;ILjava/util/List;)I" line="36"><counter type="INSTRUCTION" missed="33" covered="0"/><counter type="BRANCH" missed="2" covered="0"/><counter type="LINE" missed="7" covered="0"/><counter type="COMPLEXITY" missed="2" covered="0"/><counter type="METHOD" missed="1" covered="0"/></method><counter type="INSTRUCTION" missed="36" covered="0"/><counter type="BRANCH" missed="2" covered="0"/><counter type="LINE" missed="8" covered="0"/><counter type="COMPLEXITY" missed="3" covered="0"/><counter type="METHOD" missed="2" covered="0"/><counter type="CLASS" missed="1" covered="0"/></class><class name="org/onosproject/dhcp/cli/DhcpRemoveStaticMapping"><method name="&lt;init&gt;" desc="()V" line="29"><counter type="INSTRUCTION" missed="6" covered="0"/><counter type="LINE" missed="2" covered="0"/><counter type="COMPLEXITY" missed="1" covered="0"/><counter type="METHOD" missed="1" covered="0"/></method><method name="execute" desc="()V" line="42"><counter type="INSTRUCTION" missed="32" covered="0"/><counter type="BRANCH" missed="2" covered="0"/><counter type="LINE" missed="9" covered="0"/><counter type="COMPLEXITY" missed="2" covered="0"/><counter type="METHOD" missed="1" covered="0"/></method><counter type="INSTRUCTION" missed="38" covered="0"/><counter type="BRANCH" missed="2" covered="0"/><counter type="LINE" missed="11" covered="0"/><counter type="COMPLEXITY" missed="3" covered="0"/><counter type="METHOD" missed="2" covered="0"/><counter type="CLASS" missed="1" covered="0"/></class><class name="org/onosproject/dhcp/cli/FreeIpCompleter"><method name="&lt;init&gt;" desc="()V" line="31"><counter type="INSTRUCTION" missed="3" covered="0"/><counter type="LINE" missed="1" covered="0"/><counter type="COMPLEXITY" missed="1" covered="0"/><counter type="METHOD" missed="1" covered="0"/></method><method name="complete" desc="(Ljava/lang/String;ILjava/util/List;)I" line="36"><counter type="INSTRUCTION" missed="32" covered="0"/><counter type="BRANCH" missed="2" covered="0"/><counter type="LINE" missed="7" covered="0"/><counter type="COMPLEXITY" missed="2" covered="0"/><counter type="METHOD" missed="1" covered="0"/></method><counter type="INSTRUCTION" missed="35" covered="0"/><counter type="BRANCH" missed="2" covered="0"/><counter type="LINE" missed="8" covered="0"/><counter type="COMPLEXITY" missed="3" covered="0"/><counter type="METHOD" missed="2" covered="0"/><counter type="CLASS" missed="1" covered="0"/></class><class name="org/onosproject/dhcp/cli/DhcpListAllMappings"><method name="&lt;init&gt;" desc="()V" line="31"><counter type="INSTRUCTION" missed="3" covered="0"/><counter type="LINE" missed="1" covered="0"/><counter type="COMPLEXITY" missed="1" covered="0"/><counter type="METHOD" missed="1" covered="0"/></method><method name="execute" desc="()V" line="37"><counter type="INSTRUCTION" missed="40" covered="0"/><counter type="BRANCH" missed="2" covered="0"/><counter type="LINE" missed="6" covered="0"/><counter type="COMPLEXITY" missed="2" covered="0"/><counter type="METHOD" missed="1" covered="0"/></method><counter type="INSTRUCTION" missed="43" covered="0"/><counter type="BRANCH" missed="2" covered="0"/><counter type="LINE" missed="7" covered="0"/><counter type="COMPLEXITY" missed="3" covered="0"/><counter type="METHOD" missed="2" covered="0"/><counter type="CLASS" missed="1" covered="0"/></class><class name="org/onosproject/dhcp/cli/DhcpLeaseDetails"><method name="&lt;init&gt;" desc="()V" line="27"><counter type="INSTRUCTION" missed="3" covered="0"/><counter type="LINE" missed="1" covered="0"/><counter type="COMPLEXITY" missed="1" covered="0"/><counter type="METHOD" missed="1" covered="0"/></method><method name="execute" desc="()V" line="32"><counter type="INSTRUCTION" missed="34" covered="0"/><counter type="LINE" missed="6" covered="0"/><counter type="COMPLEXITY" missed="1" covered="0"/><counter type="METHOD" missed="1" covered="0"/></method><counter type="INSTRUCTION" missed="37" covered="0"/><counter type="LINE" missed="7" covered="0"/><counter type="COMPLEXITY" missed="2" covered="0"/><counter type="METHOD" missed="2" covered="0"/><counter type="CLASS" missed="1" covered="0"/></class><class name="org/onosproject/dhcp/cli/DhcpSetStaticMapping"><method name="&lt;init&gt;" desc="()V" line="35"><counter type="INSTRUCTION" missed="9" covered="0"/><counter type="LINE" missed="3" covered="0"/><counter type="COMPLEXITY" missed="1" covered="0"/><counter type="METHOD" missed="1" covered="0"/></method><method name="execute" desc="()V" line="51"><counter type="INSTRUCTION" missed="51" covered="0"/><counter type="BRANCH" missed="2" covered="0"/><counter type="LINE" missed="16" covered="0"/><counter type="COMPLEXITY" missed="2" covered="0"/><counter type="METHOD" missed="1" covered="0"/></method><counter type="INSTRUCTION" missed="60" covered="0"/><counter type="BRANCH" missed="2" covered="0"/><counter type="LINE" missed="19" covered="0"/><counter type="COMPLEXITY" missed="3" covered="0"/><counter type="METHOD" missed="2" covered="0"/><counter type="CLASS" missed="1" covered="0"/></class><sourcefile name="DhcpListAllMappings.java"><line nr="31" mi="3" ci="0" mb="0" cb="0"/><line nr="37" mi="4" ci="0" mb="0" cb="0"/><line nr="38" mi="3" ci="0" mb="0" cb="0"/><line nr="40" mi="11" ci="0" mb="2" cb="0"/><line nr="41" mi="20" ci="0" mb="0" cb="0"/><line nr="42" mi="1" ci="0" mb="0" cb="0"/><line nr="43" mi="1" ci="0" mb="0" cb="0"/><counter type="INSTRUCTION" missed="43" covered="0"/><counter type="BRANCH" missed="2" covered="0"/><counter type="LINE" missed="7" covered="0"/><counter type="COMPLEXITY" missed="3" covered="0"/><counter type="METHOD" missed="2" covered="0"/><counter type="CLASS" missed="1" covered="0"/></sourcefile><sourcefile name="DhcpRemoveStaticMapping.java"><line nr="29" mi="2" ci="0" mb="0" cb="0"/><line nr="31" mi="4" ci="0" mb="0" cb="0"/><line nr="42" mi="4" ci="0" mb="0" cb="0"/><line nr="45" mi="4" ci="0" mb="0" cb="0"/><line nr="46" mi="4" ci="0" mb="2" cb="0"/><line nr="47" mi="6" ci="0" mb="0" cb="0"/><line nr="49" mi="5" ci="0" mb="0" cb="0"/><line nr="52" mi="1" ci="0" mb="0" cb="0"/><line nr="53" mi="6" ci="0" mb="0" cb="0"/><line nr="54" mi="1" ci="0" mb="0" cb="0"/><line nr="55" mi="1" ci="0" mb="0" cb="0"/><counter type="INSTRUCTION" missed="38" covered="0"/><counter type="BRANCH" missed="2" covered="0"/><counter type="LINE" missed="11" covered="0"/><counter type="COMPLEXITY" missed="3" covered="0"/><counter type="METHOD" missed="2" covered="0"/><counter type="CLASS" missed="1" covered="0"/></sourcefile><sourcefile name="FreeIpCompleter.java"><line nr="31" mi="3" ci="0" mb="0" cb="0"/><line nr="36" mi="4" ci="0" mb="0" cb="0"/><line nr="37" mi="4" ci="0" mb="0" cb="0"/><line nr="38" mi="4" ci="0" mb="0" cb="0"/><line nr="39" mi="3" ci="0" mb="0" cb="0"/><line nr="41" mi="3" ci="0" mb="2" cb="0"/><line nr="42" mi="8" ci="0" mb="0" cb="0"/><line nr="46" mi="6" ci="0" mb="0" cb="0"/><counter type="INSTRUCTION" missed="35" covered="0"/><counter type="BRANCH" missed="2" covered="0"/><counter type="LINE" missed="8" covered="0"/><counter type="COMPLEXITY" missed="3" covered="0"/><counter type="METHOD" missed="2" covered="0"/><counter type="CLASS" missed="1" covered="0"/></sourcefile><sourcefile name="DhcpSetStaticMapping.java"><line nr="35" mi="2" ci="0" mb="0" cb="0"/><line nr="37" mi="3" ci="0" mb="0" cb="0"/><line nr="42" mi="4" ci="0" mb="0" cb="0"/><line nr="51" mi="4" ci="0" mb="0" cb="0"/><line nr="54" mi="4" ci="0" mb="0" cb="0"/><line nr="55" mi="4" ci="0" mb="0" cb="0"/><line nr="57" mi="2" ci="0" mb="0" cb="0"/><line nr="58" mi="2" ci="0" mb="0" cb="0"/><line nr="59" mi="5" ci="0" mb="0" cb="0"/><line nr="60" mi="2" ci="0" mb="0" cb="0"/><line nr="61" mi="1" ci="0" mb="0" cb="0"/><line nr="62" mi="2" ci="0" mb="0" cb="0"/><line nr="64" mi="5" ci="0" mb="2" cb="0"/><line nr="65" mi="6" ci="0" mb="0" cb="0"/><line nr="67" mi="5" ci="0" mb="0" cb="0"/><line nr="70" mi="1" ci="0" mb="0" cb="0"/><line nr="71" mi="6" ci="0" mb="0" cb="0"/><line nr="72" mi="1" ci="0" mb="0" cb="0"/><line nr="73" mi="1" ci="0" mb="0" cb="0"/><counter type="INSTRUCTION" missed="60" covered="0"/><counter type="BRANCH" missed="2" covered="0"/><counter type="LINE" missed="19" covered="0"/><counter type="COMPLEXITY" missed="3" covered="0"/><counter type="METHOD" missed="2" covered="0"/><counter type="CLASS" missed="1" covered="0"/></sourcefile><sourcefile name="DhcpLeaseDetails.java"><line nr="27" mi="3" ci="0" mb="0" cb="0"/><line nr="32" mi="4" ci="0" mb="0" cb="0"/><line nr="33" mi="3" ci="0" mb="0" cb="0"/><line nr="34" mi="3" ci="0" mb="0" cb="0"/><line nr="35" mi="3" ci="0" mb="0" cb="0"/><line nr="37" mi="20" ci="0" mb="0" cb="0"/><line nr="38" mi="1" ci="0" mb="0" cb="0"/><counter type="INSTRUCTION" missed="37" covered="0"/><counter type="LINE" missed="7" covered="0"/><counter type="COMPLEXITY" missed="2" covered="0"/><counter type="METHOD" missed="2" covered="0"/><counter type="CLASS" missed="1" covered="0"/></sourcefile><sourcefile name="MacIdCompleter.java"><line nr="31" mi="3" ci="0" mb="0" cb="0"/><line nr="36" mi="4" ci="0" mb="0" cb="0"/><line nr="37" mi="4" ci="0" mb="0" cb="0"/><line nr="38" mi="4" ci="0" mb="0" cb="0"/><line nr="39" mi="3" ci="0" mb="0" cb="0"/><line nr="41" mi="3" ci="0" mb="2" cb="0"/><line nr="42" mi="9" ci="0" mb="0" cb="0"/><line nr="46" mi="6" ci="0" mb="0" cb="0"/><counter type="INSTRUCTION" missed="36" covered="0"/><counter type="BRANCH" missed="2" covered="0"/><counter type="LINE" missed="8" covered="0"/><counter type="COMPLEXITY" missed="3" covered="0"/><counter type="METHOD" missed="2" covered="0"/><counter type="CLASS" missed="1" covered="0"/></sourcefile><counter type="INSTRUCTION" missed="249" covered="0"/><counter type="BRANCH" missed="10" covered="0"/><counter type="LINE" missed="60" covered="0"/><counter type="COMPLEXITY" missed="17" covered="0"/><counter type="METHOD" missed="12" covered="0"/><counter type="CLASS" missed="6" covered="0"/></package><package name="org/onosproject/dhcp/impl"><class name="org/onosproject/dhcp/impl/DhcpConfig"><method name="&lt;init&gt;" desc="()V" line="30"><counter type="INSTRUCTION" missed="3" covered="0"/><counter type="LINE" missed="1" covered="0"/><counter type="COMPLEXITY" missed="1" covered="0"/><counter type="METHOD" missed="1" covered="0"/></method><method name="isValid" desc="()Z" line="53"><counter type="INSTRUCTION" missed="122" covered="0"/><counter type="BRANCH" missed="16" covered="0"/><counter type="LINE" missed="5" covered="0"/><counter type="COMPLEXITY" missed="9" covered="0"/><counter type="METHOD" missed="1" covered="0"/></method><method name="ip" desc="()Lorg/onlab/packet/Ip4Address;" line="69"><counter type="INSTRUCTION" missed="12" covered="0"/><counter type="BRANCH" missed="2" covered="0"/><counter type="LINE" missed="2" covered="0"/><counter type="COMPLEXITY" missed="2" covered="0"/><counter type="METHOD" missed="1" covered="0"/></method><method name="ip" desc="(Ljava/lang/String;)Lorg/onosproject/net/config/basics/BasicElementConfig;" line="80"><counter type="INSTRUCTION" missed="6" covered="0"/><counter type="LINE" missed="1" covered="0"/><counter type="COMPLEXITY" missed="1" covered="0"/><counter type="METHOD" missed="1" covered="0"/></method><method name="mac" desc="()Lorg/onlab/packet/MacAddress;" line="89"><counter type="INSTRUCTION" missed="12" covered="0"/><counter type="BRANCH" missed="2" covered="0"/><counter type="LINE" missed="2" covered="0"/><counter type="COMPLEXITY" missed="2" covered="0"/><counter type="METHOD" missed="1" covered="0"/></method><method name="mac" desc="(Ljava/lang/String;)Lorg/onosproject/net/config/basics/BasicElementConfig;" line="100"><counter type="INSTRUCTION" missed="6" covered="0"/><counter type="LINE" missed="1" covered="0"/><counter type="COMPLEXITY" missed="1" covered="0"/><counter type="METHOD" missed="1" covered="0"/></method><method name="subnetMask" desc="()Lorg/onlab/packet/Ip4Address;" line="109"><counter type="INSTRUCTION" missed="12" covered="0"/><counter type="BRANCH" missed="2" covered="0"/><counter type="LINE" missed="2" covered="0"/><counter type="COMPLEXITY" missed="2" covered="0"/><counter type="METHOD" missed="1" covered="0"/></method><method name="subnetMask" desc="(Ljava/lang/String;)Lorg/onosproject/net/config/basics/BasicElementConfig;" line="120"><counter type="INSTRUCTION" missed="6" covered="0"/><counter type="LINE" missed="1" covered="0"/><counter type="COMPLEXITY" missed="1" covered="0"/><counter type="METHOD" missed="1" covered="0"/></method><method name="broadcastAddress" desc="()Lorg/onlab/packet/Ip4Address;" line="129"><counter type="INSTRUCTION" missed="12" covered="0"/><counter type="BRANCH" missed="2" covered="0"/><counter type="LINE" missed="2" covered="0"/><counter type="COMPLEXITY" missed="2" covered="0"/><counter type="METHOD" missed="1" covered="0"/></method><method name="broadcastAddress" desc="(Ljava/lang/String;)Lorg/onosproject/net/config/basics/BasicElementConfig;" line="140"><counter type="INSTRUCTION" missed="6" covered="0"/><counter type="LINE" missed="1" covered="0"/><counter type="COMPLEXITY" missed="1" covered="0"/><counter type="METHOD" missed="1" covered="0"/></method><method name="ttl" desc="()I" line="149"><counter type="INSTRUCTION" missed="5" covered="0"/><counter type="LINE" missed="1" covered="0"/><counter type="COMPLEXITY" missed="1" covered="0"/><counter type="METHOD" missed="1" covered="0"/></method><method name="ttl" desc="(I)Lorg/onosproject/net/config/basics/BasicElementConfig;" line="159"><counter type="INSTRUCTION" missed="7" covered="0"/><counter type="LINE" missed="1" covered="0"/><counter type="COMPLEXITY" missed="1" covered="0"/><counter type="METHOD" missed="1" covered="0"/></method><method name="leaseTime" desc="()I" line="168"><counter type="INSTRUCTION" missed="5" covered="0"/><counter type="LINE" missed="1" covered="0"/><counter type="COMPLEXITY" missed="1" covered="0"/><counter type="METHOD" missed="1" covered="0"/></method><method name="leaseTime" desc="(I)Lorg/onosproject/net/config/basics/BasicElementConfig;" line="178"><counter type="INSTRUCTION" missed="7" covered="0"/><counter type="LINE" missed="1" covered="0"/><counter type="COMPLEXITY" missed="1" covered="0"/><counter type="METHOD" missed="1" covered="0"/></method><method name="renewTime" desc="()I" line="187"><counter type="INSTRUCTION" missed="5" covered="0"/><counter type="LINE" missed="1" covered="0"/><counter type="COMPLEXITY" missed="1" covered="0"/><counter type="METHOD" missed="1" covered="0"/></method><method name="renewTime" desc="(I)Lorg/onosproject/net/config/basics/BasicElementConfig;" line="197"><counter type="INSTRUCTION" missed="7" covered="0"/><counter type="LINE" missed="1" covered="0"/><counter type="COMPLEXITY" missed="1" covered="0"/><counter type="METHOD" missed="1" covered="0"/></method><method name="rebindTime" desc="()I" line="206"><counter type="INSTRUCTION" missed="5" covered="0"/><counter type="LINE" missed="1" covered="0"/><counter type="COMPLEXITY" missed="1" covered="0"/><counter type="METHOD" missed="1" covered="0"/></method><method name="rebindTime" desc="(I)Lorg/onosproject/net/config/basics/BasicElementConfig;" line="216"><counter type="INSTRUCTION" missed="7" covered="0"/><counter type="LINE" missed="1" covered="0"/><counter type="COMPLEXITY" missed="1" covered="0"/><counter type="METHOD" missed="1" covered="0"/></method><method name="routerAddress" desc="()Lorg/onlab/packet/Ip4Address;" line="225"><counter type="INSTRUCTION" missed="12" covered="0"/><counter type="BRANCH" missed="2" covered="0"/><counter type="LINE" missed="2" covered="0"/><counter type="COMPLEXITY" missed="2" covered="0"/><counter type="METHOD" missed="1" covered="0"/></method><method name="routerAddress" desc="(Ljava/lang/String;)Lorg/onosproject/net/config/basics/BasicElementConfig;" line="236"><counter type="INSTRUCTION" missed="6" covered="0"/><counter type="LINE" missed="1" covered="0"/><counter type="COMPLEXITY" missed="1" covered="0"/><counter type="METHOD" missed="1" covered="0"/></method><method name="domainServer" desc="()Lorg/onlab/packet/Ip4Address;" line="245"><counter type="INSTRUCTION" missed="12" covered="0"/><counter type="BRANCH" missed="2" covered="0"/><counter type="LINE" missed="2" covered="0"/><counter type="COMPLEXITY" missed="2" covered="0"/><counter type="METHOD" missed="1" covered="0"/></method><method name="domainServer" desc="(Ljava/lang/String;)Lorg/onosproject/net/config/basics/BasicElementConfig;" line="256"><counter type="INSTRUCTION" missed="6" covered="0"/><counter type="LINE" missed="1" covered="0"/><counter type="COMPLEXITY" missed="1" covered="0"/><counter type="METHOD" missed="1" covered="0"/></method><method name="timerDelay" desc="()I" line="265"><counter type="INSTRUCTION" missed="5" covered="0"/><counter type="LINE" missed="1" covered="0"/><counter type="COMPLEXITY" missed="1" covered="0"/><counter type="METHOD" missed="1" covered="0"/></method><method name="timerDelay" desc="(I)Lorg/onosproject/net/config/basics/BasicElementConfig;" line="275"><counter type="INSTRUCTION" missed="7" covered="0"/><counter type="LINE" missed="1" covered="0"/><counter type="COMPLEXITY" missed="1" covered="0"/><counter type="METHOD" missed="1" covered="0"/></method><method name="defaultTimeout" desc="()I" line="284"><counter type="INSTRUCTION" missed="5" covered="0"/><counter type="LINE" missed="1" covered="0"/><counter type="COMPLEXITY" missed="1" covered="0"/><counter type="METHOD" missed="1" covered="0"/></method><method name="defaultTimeout" desc="(I)Lorg/onosproject/net/config/basics/BasicElementConfig;" line="294"><counter type="INSTRUCTION" missed="7" covered="0"/><counter type="LINE" missed="1" covered="0"/><counter type="COMPLEXITY" missed="1" covered="0"/><counter type="METHOD" missed="1" covered="0"/></method><method name="startIp" desc="()Lorg/onlab/packet/Ip4Address;" line="303"><counter type="INSTRUCTION" missed="12" covered="0"/><counter type="BRANCH" missed="2" covered="0"/><counter type="LINE" missed="2" covered="0"/><counter type="COMPLEXITY" missed="2" covered="0"/><counter type="METHOD" missed="1" covered="0"/></method><method name="startIp" desc="(Ljava/lang/String;)Lorg/onosproject/net/config/basics/BasicElementConfig;" line="314"><counter type="INSTRUCTION" missed="6" covered="0"/><counter type="LINE" missed="1" covered="0"/><counter type="COMPLEXITY" missed="1" covered="0"/><counter type="METHOD" missed="1" covered="0"/></method><method name="endIp" desc="()Lorg/onlab/packet/Ip4Address;" line="323"><counter type="INSTRUCTION" missed="12" covered="0"/><counter type="BRANCH" missed="2" covered="0"/><counter type="LINE" missed="2" covered="0"/><counter type="COMPLEXITY" missed="2" covered="0"/><counter type="METHOD" missed="1" covered="0"/></method><method name="endIp" desc="(Ljava/lang/String;)Lorg/onosproject/net/config/basics/BasicElementConfig;" line="334"><counter type="INSTRUCTION" missed="6" covered="0"/><counter type="LINE" missed="1" covered="0"/><counter type="COMPLEXITY" missed="1" covered="0"/><counter type="METHOD" missed="1" covered="0"/></method><counter type="INSTRUCTION" missed="341" covered="0"/><counter type="BRANCH" missed="32" covered="0"/><counter type="LINE" missed="42" covered="0"/><counter type="COMPLEXITY" missed="46" covered="0"/><counter type="METHOD" missed="30" covered="0"/><counter type="CLASS" missed="1" covered="0"/></class><class name="org/onosproject/dhcp/impl/DhcpViewMessageHandler"><method name="&lt;init&gt;" desc="()V" line="36"><counter type="INSTRUCTION" missed="3" covered="0"/><counter type="LINE" missed="1" covered="0"/><counter type="COMPLEXITY" missed="1" covered="0"/><counter type="METHOD" missed="1" covered="0"/></method><method name="createRequestHandlers" desc="()Ljava/util/Collection;" line="52"><counter type="INSTRUCTION" missed="7" covered="0"/><counter type="LINE" missed="1" covered="0"/><counter type="COMPLEXITY" missed="1" covered="0"/><counter type="METHOD" missed="1" covered="0"/></method><method name="&lt;clinit&gt;" desc="()V" line="46"><counter type="INSTRUCTION" missed="16" covered="0"/><counter type="LINE" missed="1" covered="0"/><counter type="COMPLEXITY" missed="1" covered="0"/><counter type="METHOD" missed="1" covered="0"/></method><counter type="INSTRUCTION" missed="26" covered="0"/><counter type="LINE" missed="3" covered="0"/><counter type="COMPLEXITY" missed="3" covered="0"/><counter type="METHOD" missed="3" covered="0"/><counter type="CLASS" missed="1" covered="0"/></class><class name="org/onosproject/dhcp/impl/DhcpManager$InternalConfigListener"><method name="&lt;init&gt;" desc="(Lorg/onosproject/dhcp/impl/DhcpManager;)V" line="695"><counter type="INSTRUCTION" missed="0" covered="6"/><counter type="LINE" missed="0" covered="1"/><counter type="COMPLEXITY" missed="0" covered="1"/><counter type="METHOD" missed="0" covered="1"/></method><method name="reconfigureNetwork" desc="(Lorg/onosproject/dhcp/impl/DhcpConfig;)V" line="703"><counter type="INSTRUCTION" missed="107" covered="3"/><counter type="BRANCH" missed="29" covered="1"/><counter type="LINE" missed="27" covered="2"/><counter type="COMPLEXITY" missed="15" covered="1"/><counter type="METHOD" missed="0" covered="1"/></method><method name="event" desc="(Lorg/onosproject/net/config/NetworkConfigEvent;)V" line="751"><counter type="INSTRUCTION" missed="32" covered="0"/><counter type="BRANCH" missed="6" covered="0"/><counter type="LINE" missed="7" covered="0"/><counter type="COMPLEXITY" missed="4" covered="0"/><counter type="METHOD" missed="1" covered="0"/></method><counter type="INSTRUCTION" missed="139" covered="9"/><counter type="BRANCH" missed="35" covered="1"/><counter type="LINE" missed="34" covered="3"/><counter type="COMPLEXITY" missed="19" covered="2"/><counter type="METHOD" missed="1" covered="2"/><counter type="CLASS" missed="0" covered="1"/></class><class name="org/onosproject/dhcp/impl/DistributedDhcpStore"><method name="&lt;init&gt;" desc="()V" line="54"><counter type="INSTRUCTION" missed="8" covered="0"/><counter type="LINE" missed="2" covered="0"/><counter type="COMPLEXITY" missed="1" covered="0"/><counter type="METHOD" missed="1" covered="0"/></method><method name="activate" desc="()V" line="72"><counter type="INSTRUCTION" missed="55" covered="0"/><counter type="LINE" missed="14" covered="0"/><counter type="COMPLEXITY" missed="1" covered="0"/><counter type="METHOD" missed="1" covered="0"/></method><method name="deactivate" desc="()V" line="94"><counter type="INSTRUCTION" missed="5" covered="0"/><counter type="LINE" missed="2" covered="0"/><counter type="COMPLEXITY" missed="1" covered="0"/><counter type="METHOD" missed="1" covered="0"/></method><method name="suggestIP" desc="(Lorg/onosproject/net/HostId;Lorg/onlab/packet/Ip4Address;)Lorg/onlab/packet/Ip4Address;" line="101"><counter type="INSTRUCTION" missed="133" covered="0"/><counter type="BRANCH" missed="24" covered="0"/><counter type="LINE" missed="41" covered="0"/><counter type="COMPLEXITY" missed="13" covered="0"/><counter type="METHOD" missed="1" covered="0"/></method><method name="assignIP" desc="(Lorg/onosproject/net/HostId;Lorg/onosproject/dhcp/IpAssignment;)Z" line="164"><counter type="INSTRUCTION" missed="126" covered="0"/><counter type="BRANCH" missed="16" covered="0"/><counter type="LINE" missed="34" covered="0"/><counter type="COMPLEXITY" missed="10" covered="0"/><counter type="METHOD" missed="1" covered="0"/></method><method name="releaseIP" desc="(Lorg/onosproject/net/HostId;)Lorg/onlab/packet/Ip4Address;" line="227"><counter type="INSTRUCTION" missed="55" covered="0"/><counter type="BRANCH" missed="8" covered="0"/><counter type="LINE" missed="14" covered="0"/><counter type="COMPLEXITY" missed="5" covered="0"/><counter type="METHOD" missed="1" covered="0"/></method><method name="setDefaultTimeoutForPurge" desc="(I)V" line="252"><counter type="INSTRUCTION" missed="3" covered="0"/><counter type="LINE" missed="2" covered="0"/><counter type="COMPLEXITY" missed="1" covered="0"/><counter type="METHOD" missed="1" covered="0"/></method><method name="listAssignedMapping" desc="()Ljava/util/Map;" line="258"><counter type="INSTRUCTION" missed="39" covered="0"/><counter type="BRANCH" missed="6" covered="0"/><counter type="LINE" missed="8" covered="0"/><counter type="COMPLEXITY" missed="4" covered="0"/><counter type="METHOD" missed="1" covered="0"/></method><method name="listAllMapping" desc="()Ljava/util/Map;" line="272"><counter type="INSTRUCTION" missed="28" covered="0"/><counter type="BRANCH" missed="2" covered="0"/><counter type="LINE" missed="5" covered="0"/><counter type="COMPLEXITY" missed="2" covered="0"/><counter type="METHOD" missed="1" covered="0"/></method><method name="assignStaticIP" desc="(Lorg/onlab/packet/MacAddress;Lorg/onosproject/dhcp/IpAssignment;)Z" line="281"><counter type="INSTRUCTION" missed="8" covered="0"/><counter type="LINE" missed="2" covered="0"/><counter type="COMPLEXITY" missed="1" covered="0"/><counter type="METHOD" missed="1" covered="0"/></method><method name="removeStaticIP" desc="(Lorg/onlab/packet/MacAddress;)Z" line="287"><counter type="INSTRUCTION" missed="51" covered="0"/><counter type="BRANCH" missed="8" covered="0"/><counter type="LINE" missed="13" covered="0"/><counter type="COMPLEXITY" missed="5" covered="0"/><counter type="METHOD" missed="1" covered="0"/></method><method name="getAvailableIPs" desc="()Ljava/lang/Iterable;" line="310"><counter type="INSTRUCTION" missed="4" covered="0"/><counter type="LINE" missed="1" covered="0"/><counter type="COMPLEXITY" missed="1" covered="0"/><counter type="METHOD" missed="1" covered="0"/></method><method name="populateIPPoolfromRange" desc="(Lorg/onlab/packet/Ip4Address;Lorg/onlab/packet/Ip4Address;)V" line="316"><counter type="INSTRUCTION" missed="51" covered="0"/><counter type="BRANCH" missed="2" covered="0"/><counter type="LINE" missed="10" covered="0"/><counter type="COMPLEXITY" missed="2" covered="0"/><counter type="METHOD" missed="1" covered="0"/></method><method name="getIpAssignmentFromAllocationMap" desc="(Lorg/onosproject/net/HostId;)Lorg/onosproject/dhcp/IpAssignment;" line="332"><counter type="INSTRUCTION" missed="14" covered="0"/><counter type="BRANCH" missed="2" covered="0"/><counter type="LINE" missed="3" covered="0"/><counter type="COMPLEXITY" missed="2" covered="0"/><counter type="METHOD" missed="1" covered="0"/></method><method name="fetchNextIP" desc="()Lorg/onlab/packet/Ip4Address;" line="345"><counter type="INSTRUCTION" missed="21" covered="0"/><counter type="BRANCH" missed="4" covered="0"/><counter type="LINE" missed="5" covered="0"/><counter type="COMPLEXITY" missed="3" covered="0"/><counter type="METHOD" missed="1" covered="0"/></method><method name="ipWithinRange" desc="(Lorg/onlab/packet/Ip4Address;)Z" line="360"><counter type="INSTRUCTION" missed="14" covered="0"/><counter type="BRANCH" missed="4" covered="0"/><counter type="LINE" missed="3" covered="0"/><counter type="COMPLEXITY" missed="3" covered="0"/><counter type="METHOD" missed="1" covered="0"/></method><method name="&lt;clinit&gt;" desc="()V" line="68"><counter type="INSTRUCTION" missed="3" covered="0"/><counter type="LINE" missed="1" covered="0"/><counter type="COMPLEXITY" missed="1" covered="0"/><counter type="METHOD" missed="1" covered="0"/></method><method name="bindStorageService" desc="(Lorg/onosproject/store/service/StorageService;)V"><counter type="INSTRUCTION" missed="4" covered="0"/><counter type="COMPLEXITY" missed="1" covered="0"/><counter type="METHOD" missed="1" covered="0"/></method><method name="unbindStorageService" desc="(Lorg/onosproject/store/service/StorageService;)V"><counter type="INSTRUCTION" missed="8" covered="0"/><counter type="BRANCH" missed="2" covered="0"/><counter type="COMPLEXITY" missed="2" covered="0"/><counter type="METHOD" missed="1" covered="0"/></method><counter type="INSTRUCTION" missed="630" covered="0"/><counter type="BRANCH" missed="78" covered="0"/><counter type="LINE" missed="160" covered="0"/><counter type="COMPLEXITY" missed="59" covered="0"/><counter type="METHOD" missed="19" covered="0"/><counter type="CLASS" missed="1" covered="0"/></class><class name="org/onosproject/dhcp/impl/DhcpManager$DhcpPacketProcessor"><method name="&lt;init&gt;" desc="(Lorg/onosproject/dhcp/impl/DhcpManager;)V" line="321"><counter type="INSTRUCTION" missed="0" covered="6"/><counter type="LINE" missed="0" covered="1"/><counter type="COMPLEXITY" missed="0" covered="1"/><counter type="METHOD" missed="0" covered="1"/></method><method name="buildReply" desc="(Lorg/onlab/packet/Ethernet;Lorg/onlab/packet/Ip4Address;B)Lorg/onlab/packet/Ethernet;" line="335"><counter type="INSTRUCTION" missed="21" covered="413"/><counter type="BRANCH" missed="9" covered="7"/><counter type="LINE" missed="5" covered="96"/><counter type="COMPLEXITY" missed="8" covered="1"/><counter type="METHOD" missed="0" covered="1"/></method><method name="sendReply" desc="(Lorg/onosproject/net/packet/PacketContext;Lorg/onlab/packet/Ethernet;)V" line="488"><counter type="INSTRUCTION" missed="0" covered="31"/><counter type="BRANCH" missed="1" covered="1"/><counter type="LINE" missed="0" covered="8"/><counter type="COMPLEXITY" missed="1" covered="1"/><counter type="METHOD" missed="0" covered="1"/></method><method name="processDhcpPacket" desc="(Lorg/onosproject/net/packet/PacketContext;Lorg/onlab/packet/DHCP;)V" line="505"><counter type="INSTRUCTION" missed="54" covered="182"/><counter type="BRANCH" missed="13" covered="15"/><counter type="LINE" missed="15" covered="48"/><counter type="COMPLEXITY" missed="11" covered="5"/><counter type="METHOD" missed="0" covered="1"/></method><method name="processArpPacket" desc="(Lorg/onosproject/net/packet/PacketContext;Lorg/onlab/packet/Ethernet;)V" line="613"><counter type="INSTRUCTION" missed="63" covered="0"/><counter type="LINE" missed="15" covered="0"/><counter type="COMPLEXITY" missed="1" covered="0"/><counter type="METHOD" missed="1" covered="0"/></method><method name="discoverHost" desc="(Lorg/onosproject/net/packet/PacketContext;Lorg/onlab/packet/Ip4Address;)V" line="640"><counter type="INSTRUCTION" missed="55" covered="5"/><counter type="BRANCH" missed="1" covered="1"/><counter type="LINE" missed="11" covered="2"/><counter type="COMPLEXITY" missed="1" covered="1"/><counter type="METHOD" missed="0" covered="1"/></method><method name="process" desc="(Lorg/onosproject/net/packet/PacketContext;)V" line="663"><counter type="INSTRUCTION" missed="23" covered="40"/><counter type="BRANCH" missed="11" covered="5"/><counter type="LINE" missed="5" covered="12"/><counter type="COMPLEXITY" missed="8" covered="1"/><counter type="METHOD" missed="0" covered="1"/></method><counter type="INSTRUCTION" missed="216" covered="677"/><counter type="BRANCH" missed="35" covered="29"/><counter type="LINE" missed="51" covered="167"/><counter type="COMPLEXITY" missed="30" covered="10"/><counter type="METHOD" missed="1" covered="6"/><counter type="CLASS" missed="0" covered="1"/></class><class name="org/onosproject/dhcp/impl/DhcpManager$1"><method name="&lt;init&gt;" desc="(Lorg/onosproject/dhcp/impl/DhcpManager;Lorg/onosproject/net/config/SubjectFactory;Ljava/lang/Class;Ljava/lang/String;)V" line="113"><counter type="INSTRUCTION" missed="0" covered="9"/><counter type="LINE" missed="0" covered="1"/><counter type="COMPLEXITY" missed="0" covered="1"/><counter type="METHOD" missed="0" covered="1"/></method><method name="createConfig" desc="()Lorg/onosproject/dhcp/impl/DhcpConfig;" line="116"><counter type="INSTRUCTION" missed="4" covered="0"/><counter type="LINE" missed="1" covered="0"/><counter type="COMPLEXITY" missed="1" covered="0"/><counter type="METHOD" missed="1" covered="0"/></method><counter type="INSTRUCTION" missed="4" covered="9"/><counter type="LINE" missed="1" covered="1"/><counter type="COMPLEXITY" missed="1" covered="1"/><counter type="METHOD" missed="1" covered="1"/><counter type="CLASS" missed="0" covered="1"/></class><class name="org/onosproject/dhcp/impl/DhcpManager$2"><method name="&lt;clinit&gt;" desc="()V" line="548"><counter type="INSTRUCTION" missed="3" covered="23"/><counter type="LINE" missed="0" covered="1"/><counter type="COMPLEXITY" missed="0" covered="1"/><counter type="METHOD" missed="0" covered="1"/></method><counter type="INSTRUCTION" missed="3" covered="23"/><counter type="LINE" missed="0" covered="1"/><counter type="COMPLEXITY" missed="0" covered="1"/><counter type="METHOD" missed="0" covered="1"/><counter type="CLASS" missed="0" covered="1"/></class><class name="org/onosproject/dhcp/impl/DhcpViewMessageHandler$DataRequestHandler"><method name="&lt;init&gt;" desc="(Lorg/onosproject/dhcp/impl/DhcpViewMessageHandler;)V" line="62"><counter type="INSTRUCTION" missed="9" covered="0"/><counter type="LINE" missed="3" covered="0"/><counter type="COMPLEXITY" missed="1" covered="0"/><counter type="METHOD" missed="1" covered="0"/></method><method name="defaultColumnId" desc="()Ljava/lang/String;" line="68"><counter type="INSTRUCTION" missed="2" covered="0"/><counter type="LINE" missed="1" covered="0"/><counter type="COMPLEXITY" missed="1" covered="0"/><counter type="METHOD" missed="1" covered="0"/></method><method name="getColumnIds" desc="()[Ljava/lang/String;" line="73"><counter type="INSTRUCTION" missed="2" covered="0"/><counter type="LINE" missed="1" covered="0"/><counter type="COMPLEXITY" missed="1" covered="0"/><counter type="METHOD" missed="1" covered="0"/></method><method name="noRowsMessage" desc="(Lcom/fasterxml/jackson/databind/node/ObjectNode;)Ljava/lang/String;" line="78"><counter type="INSTRUCTION" missed="2" covered="0"/><counter type="LINE" missed="1" covered="0"/><counter type="COMPLEXITY" missed="1" covered="0"/><counter type="METHOD" missed="1" covered="0"/></method><method name="populateTable" desc="(Lorg/onosproject/ui/table/TableModel;Lcom/fasterxml/jackson/databind/node/ObjectNode;)V" line="83"><counter type="INSTRUCTION" missed="25" covered="0"/><counter type="BRANCH" missed="2" covered="0"/><counter type="LINE" missed="6" covered="0"/><counter type="COMPLEXITY" missed="2" covered="0"/><counter type="METHOD" missed="1" covered="0"/></method><method name="populateRow" desc="(Lorg/onosproject/ui/table/TableModel$Row;Ljava/util/Map$Entry;)V" line="92"><counter type="INSTRUCTION" missed="53" covered="0"/><counter type="BRANCH" missed="2" covered="0"/><counter type="LINE" missed="10" covered="0"/><counter type="COMPLEXITY" missed="2" covered="0"/><counter type="METHOD" missed="1" covered="0"/></method><counter type="INSTRUCTION" missed="93" covered="0"/><counter type="BRANCH" missed="4" covered="0"/><counter type="LINE" missed="22" covered="0"/><counter type="COMPLEXITY" missed="8" covered="0"/><counter type="METHOD" missed="6" covered="0"/><counter type="CLASS" missed="1" covered="0"/></class><class name="org/onosproject/dhcp/impl/DhcpManager$PurgeListTask"><method name="&lt;init&gt;" desc="(Lorg/onosproject/dhcp/impl/DhcpManager;)V" line="777"><counter type="INSTRUCTION" missed="0" covered="6"/><counter type="LINE" missed="0" covered="1"/><counter type="COMPLEXITY" missed="0" covered="1"/><counter type="METHOD" missed="0" covered="1"/></method><method name="run" desc="()V" line="782"><counter type="INSTRUCTION" missed="77" covered="0"/><counter type="BRANCH" missed="10" covered="0"/><counter type="LINE" missed="13" covered="0"/><counter type="COMPLEXITY" missed="6" covered="0"/><counter type="METHOD" missed="1" covered="0"/></method><counter type="INSTRUCTION" missed="77" covered="6"/><counter type="BRANCH" missed="10" covered="0"/><counter type="LINE" missed="13" covered="1"/><counter type="COMPLEXITY" missed="6" covered="1"/><counter type="METHOD" missed="1" covered="1"/><counter type="CLASS" missed="0" covered="1"/></class><class name="org/onosproject/dhcp/impl/DistributedDhcpStore$1"><method name="&lt;clinit&gt;" desc="()V" line="199"><counter type="INSTRUCTION" missed="33" covered="0"/><counter type="LINE" missed="1" covered="0"/><counter type="COMPLEXITY" missed="1" covered="0"/><counter type="METHOD" missed="1" covered="0"/></method><counter type="INSTRUCTION" missed="33" covered="0"/><counter type="LINE" missed="1" covered="0"/><counter type="COMPLEXITY" missed="1" covered="0"/><counter type="METHOD" missed="1" covered="0"/><counter type="CLASS" missed="1" covered="0"/></class><class name="org/onosproject/dhcp/impl/DhcpUi"><method name="&lt;init&gt;" desc="()V" line="41"><counter type="INSTRUCTION" missed="34" covered="0"/><counter type="LINE" missed="8" covered="0"/><counter type="COMPLEXITY" missed="1" covered="0"/><counter type="METHOD" missed="1" covered="0"/></method><method name="activate" desc="()V" line="64"><counter type="INSTRUCTION" missed="10" covered="0"/><counter type="LINE" missed="3" covered="0"/><counter type="COMPLEXITY" missed="1" covered="0"/><counter type="METHOD" missed="1" covered="0"/></method><method name="deactivate" desc="()V" line="70"><counter type="INSTRUCTION" missed="10" covered="0"/><counter type="LINE" missed="3" covered="0"/><counter type="COMPLEXITY" missed="1" covered="0"/><counter type="METHOD" missed="1" covered="0"/></method><method name="lambda$new$0" desc="()Ljava/util/Collection;" line="50"><counter type="INSTRUCTION" missed="5" covered="0"/><counter type="LINE" missed="1" covered="0"/><counter type="COMPLEXITY" missed="1" covered="0"/><counter type="METHOD" missed="1" covered="0"/></method><method name="&lt;clinit&gt;" desc="()V" line="44"><counter type="INSTRUCTION" missed="4" covered="0"/><counter type="LINE" missed="1" covered="0"/><counter type="COMPLEXITY" missed="1" covered="0"/><counter type="METHOD" missed="1" covered="0"/></method><method name="bindUiExtensionService" desc="(Lorg/onosproject/ui/UiExtensionService;)V"><counter type="INSTRUCTION" missed="4" covered="0"/><counter type="COMPLEXITY" missed="1" covered="0"/><counter type="METHOD" missed="1" covered="0"/></method><method name="unbindUiExtensionService" desc="(Lorg/onosproject/ui/UiExtensionService;)V"><counter type="INSTRUCTION" missed="8" covered="0"/><counter type="BRANCH" missed="2" covered="0"/><counter type="COMPLEXITY" missed="2" covered="0"/><counter type="METHOD" missed="1" covered="0"/></method><counter type="INSTRUCTION" missed="75" covered="0"/><counter type="BRANCH" missed="2" covered="0"/><counter type="LINE" missed="16" covered="0"/><counter type="COMPLEXITY" missed="8" covered="0"/><counter type="METHOD" missed="7" covered="0"/><counter type="CLASS" missed="1" covered="0"/></class><class name="org/onosproject/dhcp/impl/DhcpManager"><method name="&lt;init&gt;" desc="()V" line="100"><counter type="INSTRUCTION" missed="0" covered="47"/><counter type="LINE" missed="0" covered="9"/><counter type="COMPLEXITY" missed="0" covered="1"/><counter type="METHOD" missed="0" covered="1"/></method><method name="activate" desc="()V" line="177"><counter type="INSTRUCTION" missed="0" covered="68"/><counter type="LINE" missed="0" covered="11"/><counter type="COMPLEXITY" missed="0" covered="1"/><counter type="METHOD" missed="0" covered="1"/></method><method name="deactivate" desc="()V" line="192"><counter type="INSTRUCTION" missed="0" covered="39"/><counter type="LINE" missed="0" covered="9"/><counter type="COMPLEXITY" missed="0" covered="1"/><counter type="METHOD" missed="0" covered="1"/></method><method name="modified" desc="(Lorg/osgi/service/component/ComponentContext;)V" line="204"><counter type="INSTRUCTION" missed="25" covered="0"/><counter type="BRANCH" missed="2" covered="0"/><counter type="LINE" missed="7" covered="0"/><counter type="COMPLEXITY" missed="2" covered="0"/><counter type="METHOD" missed="1" covered="0"/></method><method name="requestPackets" desc="()V" line="220"><counter type="INSTRUCTION" missed="0" covered="33"/><counter type="LINE" missed="0" covered="10"/><counter type="COMPLEXITY" missed="0" covered="1"/><counter type="METHOD" missed="0" covered="1"/></method><method name="cancelPackets" desc="()V" line="236"><counter type="INSTRUCTION" missed="0" covered="33"/><counter type="LINE" missed="0" covered="10"/><counter type="COMPLEXITY" missed="0" covered="1"/><counter type="METHOD" missed="0" covered="1"/></method><method name="listMapping" desc="()Ljava/util/Map;" line="250"><counter type="INSTRUCTION" missed="4" covered="0"/><counter type="LINE" missed="1" covered="0"/><counter type="COMPLEXITY" missed="1" covered="0"/><counter type="METHOD" missed="1" covered="0"/></method><method name="getLeaseTime" desc="()I" line="255"><counter type="INSTRUCTION" missed="2" covered="0"/><counter type="LINE" missed="1" covered="0"/><counter type="COMPLEXITY" missed="1" covered="0"/><counter type="METHOD" missed="1" covered="0"/></method><method name="getRenewalTime" desc="()I" line="260"><counter type="INSTRUCTION" missed="2" covered="0"/><counter type="LINE" missed="1" covered="0"/><counter type="COMPLEXITY" missed="1" covered="0"/><counter type="METHOD" missed="1" covered="0"/></method><method name="getRebindingTime" desc="()I" line="265"><counter type="INSTRUCTION" missed="2" covered="0"/><counter type="LINE" missed="1" covered="0"/><counter type="COMPLEXITY" missed="1" covered="0"/><counter type="METHOD" missed="1" covered="0"/></method><method name="setStaticMapping" desc="(Lorg/onlab/packet/MacAddress;Lorg/onosproject/dhcp/IpAssignment;)Z" line="270"><counter type="INSTRUCTION" missed="12" covered="0"/><counter type="LINE" missed="2" covered="0"/><counter type="COMPLEXITY" missed="1" covered="0"/><counter type="METHOD" missed="1" covered="0"/></method><method name="removeStaticMapping" desc="(Lorg/onlab/packet/MacAddress;)Z" line="277"><counter type="INSTRUCTION" missed="5" covered="0"/><counter type="LINE" missed="1" covered="0"/><counter type="COMPLEXITY" missed="1" covered="0"/><counter type="METHOD" missed="1" covered="0"/></method><method name="getAvailableIPs" desc="()Ljava/lang/Iterable;" line="282"><counter type="INSTRUCTION" missed="4" covered="0"/><counter type="LINE" missed="1" covered="0"/><counter type="COMPLEXITY" missed="1" covered="0"/><counter type="METHOD" missed="1" covered="0"/></method><method name="getIPAddress" desc="(Lorg/onlab/packet/MacAddress;)Lorg/onlab/packet/Ip4Address;" line="288"><counter type="INSTRUCTION" missed="58" covered="0"/><counter type="BRANCH" missed="4" covered="0"/><counter type="LINE" missed="15" covered="0"/><counter type="COMPLEXITY" missed="3" covered="0"/><counter type="METHOD" missed="1" covered="0"/></method><method name="getMacAddress" desc="(Lorg/onlab/packet/Ip4Address;)Lorg/onlab/packet/MacAddress;" line="310"><counter type="INSTRUCTION" missed="6" covered="0"/><counter type="LINE" missed="1" covered="0"/><counter type="COMPLEXITY" missed="1" covered="0"/><counter type="METHOD" missed="1" covered="0"/></method><method name="getPortNumber" desc="(Lorg/onlab/packet/Ip4Address;)Lorg/onosproject/net/PortNumber;" line="315"><counter type="INSTRUCTION" missed="6" covered="0"/><counter type="LINE" missed="1" covered="0"/><counter type="COMPLEXITY" missed="1" covered="0"/><counter type="METHOD" missed="1" covered="0"/></method><method name="&lt;clinit&gt;" desc="()V" line="102"><counter type="INSTRUCTION" missed="0" covered="39"/><counter type="LINE" missed="0" covered="13"/><counter type="COMPLEXITY" missed="0" covered="1"/><counter type="METHOD" missed="0" covered="1"/></method><method name="bindCfgService" desc="(Lorg/onosproject/net/config/NetworkConfigRegistry;)V"><counter type="INSTRUCTION" missed="4" covered="0"/><counter type="COMPLEXITY" missed="1" covered="0"/><counter type="METHOD" missed="1" covered="0"/></method><method name="unbindCfgService" desc="(Lorg/onosproject/net/config/NetworkConfigRegistry;)V"><counter type="INSTRUCTION" missed="8" covered="0"/><counter type="BRANCH" missed="2" covered="0"/><counter type="COMPLEXITY" missed="2" covered="0"/><counter type="METHOD" missed="1" covered="0"/></method><method name="bindPacketService" desc="(Lorg/onosproject/net/packet/PacketService;)V"><counter type="INSTRUCTION" missed="4" covered="0"/><counter type="COMPLEXITY" missed="1" covered="0"/><counter type="METHOD" missed="1" covered="0"/></method><method name="unbindPacketService" desc="(Lorg/onosproject/net/packet/PacketService;)V"><counter type="INSTRUCTION" missed="8" covered="0"/><counter type="BRANCH" missed="2" covered="0"/><counter type="COMPLEXITY" missed="2" covered="0"/><counter type="METHOD" missed="1" covered="0"/></method><method name="bindCoreService" desc="(Lorg/onosproject/core/CoreService;)V"><counter type="INSTRUCTION" missed="4" covered="0"/><counter type="COMPLEXITY" missed="1" covered="0"/><counter type="METHOD" missed="1" covered="0"/></method><method name="unbindCoreService" desc="(Lorg/onosproject/core/CoreService;)V"><counter type="INSTRUCTION" missed="8" covered="0"/><counter type="BRANCH" missed="2" covered="0"/><counter type="COMPLEXITY" missed="2" covered="0"/><counter type="METHOD" missed="1" covered="0"/></method><method name="bindDhcpStore" desc="(Lorg/onosproject/dhcp/DhcpStore;)V"><counter type="INSTRUCTION" missed="4" covered="0"/><counter type="COMPLEXITY" missed="1" covered="0"/><counter type="METHOD" missed="1" covered="0"/></method><method name="unbindDhcpStore" desc="(Lorg/onosproject/dhcp/DhcpStore;)V"><counter type="INSTRUCTION" missed="8" covered="0"/><counter type="BRANCH" missed="2" covered="0"/><counter type="COMPLEXITY" missed="2" covered="0"/><counter type="METHOD" missed="1" covered="0"/></method><method name="bindHostProviderRegistry" desc="(Lorg/onosproject/net/host/HostProviderRegistry;)V"><counter type="INSTRUCTION" missed="4" covered="0"/><counter type="COMPLEXITY" missed="1" covered="0"/><counter type="METHOD" missed="1" covered="0"/></method><method name="unbindHostProviderRegistry" desc="(Lorg/onosproject/net/host/HostProviderRegistry;)V"><counter type="INSTRUCTION" missed="8" covered="0"/><counter type="BRANCH" missed="2" covered="0"/><counter type="COMPLEXITY" missed="2" covered="0"/><counter type="METHOD" missed="1" covered="0"/></method><method name="bindComponentConfigService" desc="(Lorg/onosproject/cfg/ComponentConfigService;)V"><counter type="INSTRUCTION" missed="4" covered="0"/><counter type="COMPLEXITY" missed="1" covered="0"/><counter type="METHOD" missed="1" covered="0"/></method><method name="unbindComponentConfigService" desc="(Lorg/onosproject/cfg/ComponentConfigService;)V"><counter type="INSTRUCTION" missed="8" covered="0"/><counter type="BRANCH" missed="2" covered="0"/><counter type="COMPLEXITY" missed="2" covered="0"/><counter type="METHOD" missed="1" covered="0"/></method><counter type="INSTRUCTION" missed="198" covered="259"/><counter type="BRANCH" missed="18" covered="0"/><counter type="LINE" missed="32" covered="62"/><counter type="COMPLEXITY" missed="32" covered="6"/><counter type="METHOD" missed="23" covered="6"/><counter type="CLASS" missed="0" covered="1"/></class><class name="org/onosproject/dhcp/impl/DhcpManager$InternalHostProvider"><method name="&lt;init&gt;" desc="(Lorg/onosproject/dhcp/impl/DhcpManager;)V" line="767"><counter type="INSTRUCTION" missed="0" covered="7"/><counter type="LINE" missed="0" covered="3"/><counter type="COMPLEXITY" missed="0" covered="1"/><counter type="METHOD" missed="0" covered="1"/></method><method name="triggerProbe" desc="(Lorg/onosproject/net/Host;)V" line="774"><counter type="INSTRUCTION" missed="1" covered="0"/><counter type="LINE" missed="1" covered="0"/><counter type="COMPLEXITY" missed="1" covered="0"/><counter type="METHOD" missed="1" covered="0"/></method><counter type="INSTRUCTION" missed="1" covered="7"/><counter type="LINE" missed="1" covered="3"/><counter type="COMPLEXITY" missed="1" covered="1"/><counter type="METHOD" missed="1" covered="1"/><counter type="CLASS" missed="0" covered="1"/></class><sourcefile name="DhcpConfig.java"><line nr="30" mi="3" ci="0" mb="0" cb="0"/><line nr="53" mi="65" ci="0" mb="2" cb="0"/><line nr="57" mi="10" ci="0" mb="4" cb="0"/><line nr="58" mi="16" ci="0" mb="4" cb="0"/><line nr="59" mi="26" ci="0" mb="4" cb="0"/><line nr="60" mi="5" ci="0" mb="2" cb="0"/><line nr="69" mi="5" ci="0" mb="0" cb="0"/><line nr="70" mi="7" ci="0" mb="2" cb="0"/><line nr="80" mi="6" ci="0" mb="0" cb="0"/><line nr="89" mi="5" ci="0" mb="0" cb="0"/><line nr="90" mi="7" ci="0" mb="2" cb="0"/><line nr="100" mi="6" ci="0" mb="0" cb="0"/><line nr="109" mi="5" ci="0" mb="0" cb="0"/><line nr="110" mi="7" ci="0" mb="2" cb="0"/><line nr="120" mi="6" ci="0" mb="0" cb="0"/><line nr="129" mi="5" ci="0" mb="0" cb="0"/><line nr="130" mi="7" ci="0" mb="2" cb="0"/><line nr="140" mi="6" ci="0" mb="0" cb="0"/><line nr="149" mi="5" ci="0" mb="0" cb="0"/><line nr="159" mi="7" ci="0" mb="0" cb="0"/><line nr="168" mi="5" ci="0" mb="0" cb="0"/><line nr="178" mi="7" ci="0" mb="0" cb="0"/><line nr="187" mi="5" ci="0" mb="0" cb="0"/><line nr="197" mi="7" ci="0" mb="0" cb="0"/><line nr="206" mi="5" ci="0" mb="0" cb="0"/><line nr="216" mi="7" ci="0" mb="0" cb="0"/><line nr="225" mi="5" ci="0" mb="0" cb="0"/><line nr="226" mi="7" ci="0" mb="2" cb="0"/><line nr="236" mi="6" ci="0" mb="0" cb="0"/><line nr="245" mi="5" ci="0" mb="0" cb="0"/><line nr="246" mi="7" ci="0" mb="2" cb="0"/><line nr="256" mi="6" ci="0" mb="0" cb="0"/><line nr="265" mi="5" ci="0" mb="0" cb="0"/><line nr="275" mi="7" ci="0" mb="0" cb="0"/><line nr="284" mi="5" ci="0" mb="0" cb="0"/><line nr="294" mi="7" ci="0" mb="0" cb="0"/><line nr="303" mi="5" ci="0" mb="0" cb="0"/><line nr="304" mi="7" ci="0" mb="2" cb="0"/><line nr="314" mi="6" ci="0" mb="0" cb="0"/><line nr="323" mi="5" ci="0" mb="0" cb="0"/><line nr="324" mi="7" ci="0" mb="2" cb="0"/><line nr="334" mi="6" ci="0" mb="0" cb="0"/><counter type="INSTRUCTION" missed="341" covered="0"/><counter type="BRANCH" missed="32" covered="0"/><counter type="LINE" missed="42" covered="0"/><counter type="COMPLEXITY" missed="46" covered="0"/><counter type="METHOD" missed="30" covered="0"/><counter type="CLASS" missed="1" covered="0"/></sourcefile><sourcefile name="DhcpUi.java"><line nr="41" mi="2" ci="0" mb="0" cb="0"/><line nr="43" mi="5" ci="0" mb="0" cb="0"/><line nr="44" mi="4" ci="0" mb="0" cb="0"/><line nr="49" mi="3" ci="0" mb="0" cb="0"/><line nr="50" mi="5" ci="0" mb="0" cb="0"/><line nr="52" mi="9" ci="0" mb="0" cb="0"/><line nr="56" mi="10" ci="0" mb="0" cb="0"/><line nr="58" mi="2" ci="0" mb="0" cb="0"/><line nr="59" mi="1" ci="0" mb="0" cb="0"/><line nr="60" mi="2" ci="0" mb="0" cb="0"/><line nr="64" mi="5" ci="0" mb="0" cb="0"/><line nr="65" mi="4" ci="0" mb="0" cb="0"/><line nr="66" mi="1" ci="0" mb="0" cb="0"/><line nr="70" mi="5" ci="0" mb="0" cb="0"/><line nr="71" mi="4" ci="0" mb="0" cb="0"/><line nr="72" mi="1" ci="0" mb="0" cb="0"/><counter type="INSTRUCTION" missed="75" covered="0"/><counter type="BRANCH" missed="2" covered="0"/><counter type="LINE" missed="16" covered="0"/><counter type="COMPLEXITY" missed="8" covered="0"/><counter type="METHOD" missed="7" covered="0"/><counter type="CLASS" missed="1" covered="0"/></sourcefile><sourcefile name="DistributedDhcpStore.java"><line nr="54" mi="2" ci="0" mb="0" cb="0"/><line nr="56" mi="6" ci="0" mb="0" cb="0"/><line nr="68" mi="3" ci="0" mb="0" cb="0"/><line nr="72" mi="5" ci="0" mb="0" cb="0"/><line nr="73" mi="6" ci="0" mb="0" cb="0"/><line nr="74" mi="3" ci="0" mb="0" cb="0"/><line nr="76" mi="15" ci="0" mb="0" cb="0"/><line nr="77" mi="2" ci="0" mb="0" cb="0"/><line nr="80" mi="1" ci="0" mb="0" cb="0"/><line nr="81" mi="3" ci="0" mb="0" cb="0"/><line nr="83" mi="5" ci="0" mb="0" cb="0"/><line nr="84" mi="3" ci="0" mb="0" cb="0"/><line nr="85" mi="3" ci="0" mb="0" cb="0"/><line nr="86" mi="2" ci="0" mb="0" cb="0"/><line nr="87" mi="2" ci="0" mb="0" cb="0"/><line nr="89" mi="4" ci="0" mb="0" cb="0"/><line nr="90" mi="1" ci="0" mb="0" cb="0"/><line nr="94" mi="4" ci="0" mb="0" cb="0"/><line nr="95" mi="1" ci="0" mb="0" cb="0"/><line nr="101" mi="5" ci="0" mb="2" cb="0"/><line nr="102" mi="7" ci="0" mb="0" cb="0"/><line nr="103" mi="3" ci="0" mb="0" cb="0"/><line nr="104" mi="3" ci="0" mb="0" cb="0"/><line nr="106" mi="5" ci="0" mb="2" cb="0"/><line nr="107" mi="3" ci="0" mb="0" cb="0"/><line nr="108" mi="6" ci="0" mb="4" cb="0"/><line nr="111" mi="4" ci="0" mb="2" cb="0"/><line nr="112" mi="2" ci="0" mb="0" cb="0"/><line nr="115" mi="3" ci="0" mb="2" cb="0"/><line nr="117" mi="5" ci="0" mb="2" cb="0"/><line nr="118" mi="2" ci="0" mb="0" cb="0"/><line nr="119" mi="4" ci="0" mb="0" cb="0"/><line nr="120" mi="2" ci="0" mb="0" cb="0"/><line nr="121" mi="2" ci="0" mb="0" cb="0"/><line nr="122" mi="1" ci="0" mb="0" cb="0"/><line nr="123" mi="2" ci="0" mb="0" cb="0"/><line nr="124" mi="5" ci="0" mb="2" cb="0"/><line nr="125" mi="6" ci="0" mb="0" cb="0"/><line nr="126" mi="2" ci="0" mb="0" cb="0"/><line nr="130" mi="4" ci="0" mb="2" cb="0"/><line nr="132" mi="5" ci="0" mb="2" cb="0"/><line nr="133" mi="2" ci="0" mb="0" cb="0"/><line nr="134" mi="4" ci="0" mb="0" cb="0"/><line nr="135" mi="2" ci="0" mb="0" cb="0"/><line nr="136" mi="2" ci="0" mb="0" cb="0"/><line nr="137" mi="1" ci="0" mb="0" cb="0"/><line nr="138" mi="2" ci="0" mb="0" cb="0"/><line nr="139" mi="5" ci="0" mb="2" cb="0"/><line nr="140" mi="6" ci="0" mb="0" cb="0"/><line nr="141" mi="2" ci="0" mb="0" cb="0"/><line nr="147" mi="3" ci="0" mb="0" cb="0"/><line nr="148" mi="2" ci="0" mb="2" cb="0"/><line nr="149" mi="2" ci="0" mb="0" cb="0"/><line nr="150" mi="4" ci="0" mb="0" cb="0"/><line nr="151" mi="2" ci="0" mb="0" cb="0"/><line nr="152" mi="2" ci="0" mb="0" cb="0"/><line nr="153" mi="1" ci="0" mb="0" cb="0"/><line nr="154" mi="2" ci="0" mb="0" cb="0"/><line nr="156" mi="6" ci="0" mb="0" cb="0"/><line nr="158" mi="2" ci="0" mb="0" cb="0"/><line nr="164" mi="6" ci="0" mb="0" cb="0"/><line nr="167" mi="2" ci="0" mb="0" cb="0"/><line nr="168" mi="5" ci="0" mb="0" cb="0"/><line nr="169" mi="3" ci="0" mb="0" cb="0"/><line nr="171" mi="2" ci="0" mb="2" cb="0"/><line nr="174" mi="5" ci="0" mb="2" cb="0"/><line nr="175" mi="3" ci="0" mb="0" cb="0"/><line nr="176" mi="5" ci="0" mb="2" cb="0"/><line nr="177" mi="3" ci="0" mb="0" cb="0"/><line nr="178" mi="4" ci="0" mb="0" cb="0"/><line nr="179" mi="1" ci="0" mb="0" cb="0"/><line nr="180" mi="3" ci="0" mb="0" cb="0"/><line nr="182" mi="5" ci="0" mb="0" cb="0"/><line nr="183" mi="2" ci="0" mb="0" cb="0"/><line nr="185" mi="5" ci="0" mb="0" cb="0"/><line nr="186" mi="10" ci="0" mb="2" cb="0"/><line nr="191" mi="4" ci="0" mb="0" cb="0"/><line nr="192" mi="5" ci="0" mb="2" cb="0"/><line nr="195" mi="5" ci="0" mb="0" cb="0"/><line nr="196" mi="2" ci="0" mb="0" cb="0"/><line nr="199" mi="39" ci="0" mb="4" cb="0"/><line nr="201" mi="5" ci="0" mb="0" cb="0"/><line nr="202" mi="1" ci="0" mb="0" cb="0"/><line nr="203" mi="2" ci="0" mb="0" cb="0"/><line nr="204" mi="1" ci="0" mb="0" cb="0"/><line nr="206" mi="5" ci="0" mb="2" cb="0"/><line nr="208" mi="2" ci="0" mb="0" cb="0"/><line nr="212" mi="5" ci="0" mb="0" cb="0"/><line nr="213" mi="2" ci="0" mb="0" cb="0"/><line nr="214" mi="1" ci="0" mb="0" cb="0"/><line nr="215" mi="2" ci="0" mb="0" cb="0"/><line nr="216" mi="1" ci="0" mb="0" cb="0"/><line nr="220" mi="5" ci="0" mb="0" cb="0"/><line nr="221" mi="8" ci="0" mb="0" cb="0"/><line nr="227" mi="5" ci="0" mb="2" cb="0"/><line nr="231" mi="5" ci="0" mb="0" cb="0"/><line nr="232" mi="4" ci="0" mb="2" cb="0"/><line nr="233" mi="6" ci="0" mb="2" cb="0"/><line nr="234" mi="2" ci="0" mb="0" cb="0"/><line nr="237" mi="8" ci="0" mb="0" cb="0"/><line nr="238" mi="1" ci="0" mb="0" cb="0"/><line nr="239" mi="2" ci="0" mb="0" cb="0"/><line nr="240" mi="3" ci="0" mb="0" cb="0"/><line nr="241" mi="6" ci="0" mb="0" cb="0"/><line nr="242" mi="4" ci="0" mb="2" cb="0"/><line nr="243" mi="5" ci="0" mb="0" cb="0"/><line nr="245" mi="2" ci="0" mb="0" cb="0"/><line nr="247" mi="2" ci="0" mb="0" cb="0"/><line nr="252" mi="2" ci="0" mb="0" cb="0"/><line nr="253" mi="1" ci="0" mb="0" cb="0"/><line nr="258" mi="4" ci="0" mb="0" cb="0"/><line nr="260" mi="12" ci="0" mb="2" cb="0"/><line nr="261" mi="6" ci="0" mb="0" cb="0"/><line nr="262" mi="5" ci="0" mb="2" cb="0"/><line nr="263" mi="3" ci="0" mb="2" cb="0"/><line nr="264" mi="6" ci="0" mb="0" cb="0"/><line nr="266" mi="1" ci="0" mb="0" cb="0"/><line nr="267" mi="2" ci="0" mb="0" cb="0"/><line nr="272" mi="4" ci="0" mb="0" cb="0"/><line nr="273" mi="12" ci="0" mb="2" cb="0"/><line nr="274" mi="9" ci="0" mb="0" cb="0"/><line nr="275" mi="1" ci="0" mb="0" cb="0"/><line nr="276" mi="2" ci="0" mb="0" cb="0"/><line nr="281" mi="3" ci="0" mb="0" cb="0"/><line nr="282" mi="5" ci="0" mb="0" cb="0"/><line nr="287" mi="3" ci="0" mb="0" cb="0"/><line nr="288" mi="5" ci="0" mb="2" cb="0"/><line nr="289" mi="7" ci="0" mb="0" cb="0"/><line nr="291" mi="5" ci="0" mb="2" cb="0"/><line nr="292" mi="5" ci="0" mb="0" cb="0"/><line nr="293" mi="2" ci="0" mb="0" cb="0"/><line nr="296" mi="3" ci="0" mb="0" cb="0"/><line nr="297" mi="3" ci="0" mb="2" cb="0"/><line nr="298" mi="5" ci="0" mb="0" cb="0"/><line nr="299" mi="4" ci="0" mb="2" cb="0"/><line nr="300" mi="5" ci="0" mb="0" cb="0"/><line nr="302" mi="2" ci="0" mb="0" cb="0"/><line nr="305" mi="2" ci="0" mb="0" cb="0"/><line nr="310" mi="4" ci="0" mb="0" cb="0"/><line nr="316" mi="3" ci="0" mb="0" cb="0"/><line nr="317" mi="3" ci="0" mb="0" cb="0"/><line nr="318" mi="2" ci="0" mb="0" cb="0"/><line nr="319" mi="2" ci="0" mb="0" cb="0"/><line nr="321" mi="3" ci="0" mb="0" cb="0"/><line nr="323" mi="8" ci="0" mb="2" cb="0"/><line nr="324" mi="3" ci="0" mb="0" cb="0"/><line nr="325" mi="5" ci="0" mb="0" cb="0"/><line nr="327" mi="21" ci="0" mb="0" cb="0"/><line nr="328" mi="1" ci="0" mb="0" cb="0"/><line nr="332" mi="5" ci="0" mb="2" cb="0"/><line nr="333" mi="7" ci="0" mb="0" cb="0"/><line nr="335" mi="2" ci="0" mb="0" cb="0"/><line nr="345" mi="11" ci="0" mb="2" cb="0"/><line nr="346" mi="5" ci="0" mb="2" cb="0"/><line nr="347" mi="2" ci="0" mb="0" cb="0"/><line nr="349" mi="1" ci="0" mb="0" cb="0"/><line nr="350" mi="2" ci="0" mb="0" cb="0"/><line nr="360" mi="10" ci="0" mb="4" cb="0"/><line nr="361" mi="2" ci="0" mb="0" cb="0"/><line nr="363" mi="2" ci="0" mb="0" cb="0"/><counter type="INSTRUCTION" missed="663" covered="0"/><counter type="BRANCH" missed="78" covered="0"/><counter type="LINE" missed="160" covered="0"/><counter type="COMPLEXITY" missed="60" covered="0"/><counter type="METHOD" missed="20" covered="0"/><counter type="CLASS" missed="2" covered="0"/></sourcefile><sourcefile name="DhcpManager.java"><line nr="100" mi="0" ci="2" mb="0" cb="0"/><line nr="102" mi="0" ci="7" mb="0" cb="0"/><line nr="106" mi="0" ci="5" mb="0" cb="0"/><line nr="108" mi="0" ci="7" mb="0" cb="0"/><line nr="110" mi="0" ci="10" mb="0" cb="0"/><line nr="113" mi="0" ci="9" mb="0" cb="0"/><line nr="116" mi="4" ci="0" mb="0" cb="0"/><line nr="126" mi="0" ci="7" mb="0" cb="0"/><line nr="140" mi="0" ci="3" mb="0" cb="0"/><line nr="145" mi="0" ci="6" mb="0" cb="0"/><line nr="150" mi="0" ci="3" mb="0" cb="0"/><line nr="151" mi="0" ci="4" mb="0" cb="0"/><line nr="159" mi="0" ci="2" mb="0" cb="0"/><line nr="160" mi="0" ci="2" mb="0" cb="0"/><line nr="161" mi="0" ci="2" mb="0" cb="0"/><line nr="162" mi="0" ci="2" mb="0" cb="0"/><line nr="163" mi="0" ci="3" mb="0" cb="0"/><line nr="164" mi="0" ci="3" mb="0" cb="0"/><line nr="165" mi="0" ci="3" mb="0" cb="0"/><line nr="166" mi="0" ci="3" mb="0" cb="0"/><line nr="167" mi="0" ci="3" mb="0" cb="0"/><line nr="168" mi="0" ci="3" mb="0" cb="0"/><line nr="169" mi="0" ci="3" mb="0" cb="0"/><line nr="172" mi="0" ci="3" mb="0" cb="0"/><line nr="177" mi="0" ci="6" mb="0" cb="0"/><line nr="179" mi="0" ci="5" mb="0" cb="0"/><line nr="180" mi="0" ci="5" mb="0" cb="0"/><line nr="181" mi="0" ci="9" mb="0" cb="0"/><line nr="182" mi="0" ci="10" mb="0" cb="0"/><line nr="183" mi="0" ci="8" mb="0" cb="0"/><line nr="184" mi="0" ci="7" mb="0" cb="0"/><line nr="185" mi="0" ci="2" mb="0" cb="0"/><line nr="186" mi="0" ci="11" mb="0" cb="0"/><line nr="187" mi="0" ci="4" mb="0" cb="0"/><line nr="188" mi="0" ci="1" mb="0" cb="0"/><line nr="192" mi="0" ci="5" mb="0" cb="0"/><line nr="193" mi="0" ci="9" mb="0" cb="0"/><line nr="194" mi="0" ci="5" mb="0" cb="0"/><line nr="195" mi="0" ci="5" mb="0" cb="0"/><line nr="196" mi="0" ci="3" mb="0" cb="0"/><line nr="197" mi="0" ci="2" mb="0" cb="0"/><line nr="198" mi="0" ci="5" mb="0" cb="0"/><line nr="199" mi="0" ci="4" mb="0" cb="0"/><line nr="200" mi="0" ci="1" mb="0" cb="0"/><line nr="204" mi="3" ci="0" mb="0" cb="0"/><line nr="206" mi="4" ci="0" mb="0" cb="0"/><line nr="207" mi="3" ci="0" mb="2" cb="0"/><line nr="208" mi="5" ci="0" mb="0" cb="0"/><line nr="209" mi="5" ci="0" mb="0" cb="0"/><line nr="212" mi="4" ci="0" mb="0" cb="0"/><line nr="213" mi="1" ci="0" mb="0" cb="0"/><line nr="220" mi="0" ci="2" mb="0" cb="0"/><line nr="221" mi="0" ci="2" mb="0" cb="0"/><line nr="222" mi="0" ci="2" mb="0" cb="0"/><line nr="223" mi="0" ci="3" mb="0" cb="0"/><line nr="224" mi="0" ci="3" mb="0" cb="0"/><line nr="225" mi="0" ci="8" mb="0" cb="0"/><line nr="227" mi="0" ci="2" mb="0" cb="0"/><line nr="228" mi="0" ci="2" mb="0" cb="0"/><line nr="229" mi="0" ci="8" mb="0" cb="0"/><line nr="230" mi="0" ci="1" mb="0" cb="0"/><line nr="236" mi="0" ci="2" mb="0" cb="0"/><line nr="237" mi="0" ci="2" mb="0" cb="0"/><line nr="238" mi="0" ci="2" mb="0" cb="0"/><line nr="239" mi="0" ci="3" mb="0" cb="0"/><line nr="240" mi="0" ci="3" mb="0" cb="0"/><line nr="241" mi="0" ci="8" mb="0" cb="0"/><line nr="243" mi="0" ci="2" mb="0" cb="0"/><line nr="244" mi="0" ci="2" mb="0" cb="0"/><line nr="245" mi="0" ci="8" mb="0" cb="0"/><line nr="246" mi="0" ci="1" mb="0" cb="0"/><line nr="250" mi="4" ci="0" mb="0" cb="0"/><line nr="255" mi="2" ci="0" mb="0" cb="0"/><line nr="260" mi="2" ci="0" mb="0" cb="0"/><line nr="265" mi="2" ci="0" mb="0" cb="0"/><line nr="270" mi="6" ci="0" mb="0" cb="0"/><line nr="272" mi="6" ci="0" mb="0" cb="0"/><line nr="277" mi="5" ci="0" mb="0" cb="0"/><line nr="282" mi="4" ci="0" mb="0" cb="0"/><line nr="288" mi="3" ci="0" mb="0" cb="0"/><line nr="289" mi="7" ci="0" mb="0" cb="0"/><line nr="290" mi="2" ci="0" mb="2" cb="0"/><line nr="291" mi="4" ci="0" mb="0" cb="0"/><line nr="292" mi="2" ci="0" mb="0" cb="0"/><line nr="294" mi="2" ci="0" mb="0" cb="0"/><line nr="295" mi="2" ci="0" mb="0" cb="0"/><line nr="296" mi="4" ci="0" mb="0" cb="0"/><line nr="297" mi="2" ci="0" mb="0" cb="0"/><line nr="298" mi="3" ci="0" mb="0" cb="0"/><line nr="299" mi="7" ci="0" mb="2" cb="0"/><line nr="300" mi="12" ci="0" mb="0" cb="0"/><line nr="301" mi="2" ci="0" mb="0" cb="0"/><line nr="304" mi="4" ci="0" mb="0" cb="0"/><line nr="305" mi="2" ci="0" mb="0" cb="0"/><line nr="310" mi="6" ci="0" mb="0" cb="0"/><line nr="315" mi="6" ci="0" mb="0" cb="0"/><line nr="321" mi="0" ci="6" mb="0" cb="0"/><line nr="335" mi="0" ci="2" mb="0" cb="0"/><line nr="336" mi="0" ci="2" mb="0" cb="0"/><line nr="337" mi="0" ci="2" mb="0" cb="0"/><line nr="340" mi="0" ci="3" mb="0" cb="0"/><line nr="341" mi="0" ci="3" mb="0" cb="0"/><line nr="343" mi="0" ci="6" mb="0" cb="0"/><line nr="344" mi="0" ci="2" mb="0" cb="0"/><line nr="346" mi="1" ci="2" mb="1" cb="1"/><line nr="347" mi="4" ci="0" mb="2" cb="0"/><line nr="348" mi="3" ci="0" mb="0" cb="0"/><line nr="349" mi="3" ci="0" mb="0" cb="0"/><line nr="350" mi="4" ci="0" mb="0" cb="0"/><line nr="351" mi="4" ci="0" mb="0" cb="0"/><line nr="355" mi="0" ci="4" mb="0" cb="0"/><line nr="356" mi="0" ci="4" mb="0" cb="0"/><line nr="357" mi="0" ci="5" mb="0" cb="0"/><line nr="358" mi="0" ci="4" mb="0" cb="0"/><line nr="359" mi="0" ci="5" mb="0" cb="0"/><line nr="362" mi="0" ci="4" mb="0" cb="0"/><line nr="363" mi="0" ci="4" mb="0" cb="0"/><line nr="364" mi="0" ci="5" mb="0" cb="0"/><line nr="365" mi="0" ci="5" mb="0" cb="0"/><line nr="366" mi="0" ci="4" mb="0" cb="0"/><line nr="369" mi="0" ci="4" mb="0" cb="0"/><line nr="370" mi="0" ci="4" mb="0" cb="0"/><line nr="371" mi="0" ci="4" mb="0" cb="0"/><line nr="372" mi="0" ci="4" mb="0" cb="0"/><line nr="375" mi="0" ci="4" mb="0" cb="0"/><line nr="376" mi="0" ci="4" mb="0" cb="0"/><line nr="377" mi="0" ci="4" mb="0" cb="0"/><line nr="378" mi="0" ci="5" mb="0" cb="0"/><line nr="379" mi="0" ci="5" mb="0" cb="0"/><line nr="380" mi="0" ci="5" mb="0" cb="0"/><line nr="381" mi="0" ci="5" mb="0" cb="0"/><line nr="383" mi="0" ci="4" mb="1" cb="1"/><line nr="384" mi="0" ci="5" mb="0" cb="0"/><line nr="385" mi="0" ci="5" mb="0" cb="0"/><line nr="386" mi="0" ci="3" mb="1" cb="1"/><line nr="387" mi="0" ci="5" mb="0" cb="0"/><line nr="390" mi="0" ci="4" mb="0" cb="0"/><line nr="391" mi="0" ci="4" mb="0" cb="0"/><line nr="394" mi="0" ci="4" mb="0" cb="0"/><line nr="395" mi="0" ci="4" mb="0" cb="0"/><line nr="398" mi="0" ci="5" mb="0" cb="0"/><line nr="399" mi="0" ci="4" mb="0" cb="0"/><line nr="400" mi="0" ci="7" mb="0" cb="0"/><line nr="401" mi="0" ci="4" mb="0" cb="0"/><line nr="402" mi="0" ci="4" mb="0" cb="0"/><line nr="405" mi="0" ci="4" mb="0" cb="0"/><line nr="406" mi="0" ci="5" mb="0" cb="0"/><line nr="407" mi="0" ci="4" mb="0" cb="0"/><line nr="408" mi="0" ci="5" mb="0" cb="0"/><line nr="409" mi="0" ci="4" mb="0" cb="0"/><line nr="411" mi="0" ci="4" mb="1" cb="1"/><line nr="413" mi="0" ci="4" mb="0" cb="0"/><line nr="414" mi="0" ci="5" mb="0" cb="0"/><line nr="415" mi="0" ci="4" mb="0" cb="0"/><line nr="416" mi="0" ci="7" mb="1" cb="1"/><line nr="417" mi="2" ci="4" mb="0" cb="0"/><line nr="418" mi="0" ci="4" mb="0" cb="0"/><line nr="421" mi="0" ci="4" mb="0" cb="0"/><line nr="422" mi="0" ci="5" mb="0" cb="0"/><line nr="423" mi="0" ci="4" mb="0" cb="0"/><line nr="424" mi="0" ci="8" mb="0" cb="0"/><line nr="425" mi="0" ci="4" mb="0" cb="0"/><line nr="428" mi="0" ci="4" mb="0" cb="0"/><line nr="429" mi="0" ci="5" mb="0" cb="0"/><line nr="430" mi="0" ci="4" mb="0" cb="0"/><line nr="431" mi="0" ci="8" mb="0" cb="0"/><line nr="432" mi="0" ci="4" mb="0" cb="0"/><line nr="435" mi="0" ci="4" mb="0" cb="0"/><line nr="436" mi="0" ci="5" mb="0" cb="0"/><line nr="437" mi="0" ci="4" mb="0" cb="0"/><line nr="438" mi="0" ci="5" mb="0" cb="0"/><line nr="439" mi="0" ci="4" mb="0" cb="0"/><line nr="442" mi="0" ci="4" mb="0" cb="0"/><line nr="443" mi="0" ci="5" mb="0" cb="0"/><line nr="444" mi="0" ci="4" mb="0" cb="0"/><line nr="445" mi="0" ci="5" mb="0" cb="0"/><line nr="446" mi="0" ci="4" mb="0" cb="0"/><line nr="449" mi="0" ci="3" mb="1" cb="1"/><line nr="450" mi="0" ci="4" mb="0" cb="0"/><line nr="451" mi="0" ci="5" mb="0" cb="0"/><line nr="452" mi="0" ci="4" mb="0" cb="0"/><line nr="453" mi="0" ci="7" mb="0" cb="0"/><line nr="454" mi="0" ci="4" mb="0" cb="0"/><line nr="458" mi="0" ci="3" mb="1" cb="1"/><line nr="459" mi="0" ci="4" mb="0" cb="0"/><line nr="460" mi="0" ci="5" mb="0" cb="0"/><line nr="461" mi="0" ci="4" mb="0" cb="0"/><line nr="462" mi="0" ci="7" mb="0" cb="0"/><line nr="463" mi="0" ci="4" mb="0" cb="0"/><line nr="468" mi="0" ci="4" mb="0" cb="0"/><line nr="469" mi="0" ci="5" mb="0" cb="0"/><line nr="470" mi="0" ci="4" mb="0" cb="0"/><line nr="471" mi="0" ci="4" mb="0" cb="0"/><line nr="473" mi="0" ci="4" mb="0" cb="0"/><line nr="474" mi="0" ci="4" mb="0" cb="0"/><line nr="475" mi="0" ci="4" mb="0" cb="0"/><line nr="476" mi="0" ci="4" mb="0" cb="0"/><line nr="478" mi="0" ci="2" mb="0" cb="0"/><line nr="488" mi="0" ci="2" mb="1" cb="1"/><line nr="489" mi="0" ci="2" mb="0" cb="0"/><line nr="490" mi="0" ci="4" mb="0" cb="0"/><line nr="491" mi="0" ci="5" mb="0" cb="0"/><line nr="492" mi="0" ci="3" mb="0" cb="0"/><line nr="493" mi="0" ci="9" mb="0" cb="0"/><line nr="494" mi="0" ci="5" mb="0" cb="0"/><line nr="496" mi="0" ci="1" mb="0" cb="0"/><line nr="505" mi="0" ci="2" mb="1" cb="1"/><line nr="506" mi="5" ci="0" mb="0" cb="0"/><line nr="507" mi="1" ci="0" mb="0" cb="0"/><line nr="513" mi="0" ci="4" mb="0" cb="0"/><line nr="514" mi="0" ci="2" mb="0" cb="0"/><line nr="515" mi="0" ci="2" mb="0" cb="0"/><line nr="516" mi="0" ci="2" mb="0" cb="0"/><line nr="517" mi="0" ci="3" mb="0" cb="0"/><line nr="518" mi="0" ci="3" mb="0" cb="0"/><line nr="520" mi="0" ci="11" mb="0" cb="2"/><line nr="521" mi="0" ci="5" mb="0" cb="2"/><line nr="522" mi="0" ci="3" mb="0" cb="0"/><line nr="523" mi="0" ci="5" mb="0" cb="0"/><line nr="525" mi="0" ci="5" mb="0" cb="2"/><line nr="526" mi="0" ci="3" mb="0" cb="0"/><line nr="527" mi="0" ci="3" mb="0" cb="0"/><line nr="528" mi="0" ci="2" mb="0" cb="0"/><line nr="530" mi="0" ci="5" mb="1" cb="1"/><line nr="531" mi="3" ci="0" mb="0" cb="0"/><line nr="532" mi="3" ci="0" mb="0" cb="0"/><line nr="533" mi="2" ci="0" mb="0" cb="0"/><line nr="535" mi="0" ci="1" mb="0" cb="0"/><line nr="537" mi="0" ci="2" mb="1" cb="1"/><line nr="538" mi="5" ci="0" mb="0" cb="0"/><line nr="539" mi="1" ci="0" mb="0" cb="0"/><line nr="543" mi="0" ci="6" mb="0" cb="0"/><line nr="544" mi="0" ci="4" mb="0" cb="0"/><line nr="545" mi="0" ci="4" mb="0" cb="0"/><line nr="546" mi="0" ci="4" mb="0" cb="0"/><line nr="547" mi="0" ci="3" mb="0" cb="0"/><line nr="548" mi="3" ci="28" mb="2" cb="2"/><line nr="550" mi="0" ci="6" mb="0" cb="0"/><line nr="551" mi="0" ci="7" mb="0" cb="0"/><line nr="552" mi="0" ci="2" mb="1" cb="1"/><line nr="553" mi="0" ci="6" mb="0" cb="0"/><line nr="556" mi="0" ci="2" mb="0" cb="0"/><line nr="557" mi="0" ci="4" mb="0" cb="0"/><line nr="558" mi="0" ci="1" mb="0" cb="0"/><line nr="561" mi="0" ci="6" mb="0" cb="0"/><line nr="562" mi="4" ci="2" mb="3" cb="1"/><line nr="563" mi="1" ci="0" mb="0" cb="0"/><line nr="566" mi="0" ci="2" mb="1" cb="1"/><line nr="568" mi="3" ci="0" mb="0" cb="0"/><line nr="569" mi="3" ci="0" mb="0" cb="0"/><line nr="572" mi="0" ci="2" mb="0" cb="0"/><line nr="573" mi="0" ci="1" mb="0" cb="0"/><line nr="574" mi="0" ci="5" mb="0" cb="0"/><line nr="575" mi="0" ci="2" mb="0" cb="0"/><line nr="576" mi="0" ci="3" mb="0" cb="0"/><line nr="578" mi="0" ci="7" mb="1" cb="1"/><line nr="579" mi="0" ci="2" mb="0" cb="0"/><line nr="580" mi="0" ci="4" mb="0" cb="0"/><line nr="584" mi="0" ci="7" mb="0" cb="0"/><line nr="585" mi="0" ci="8" mb="0" cb="0"/><line nr="587" mi="2" ci="0" mb="0" cb="0"/><line nr="590" mi="0" ci="8" mb="0" cb="0"/><line nr="591" mi="0" ci="4" mb="0" cb="0"/><line nr="592" mi="0" ci="1" mb="0" cb="0"/><line nr="594" mi="6" ci="0" mb="0" cb="0"/><line nr="595" mi="6" ci="0" mb="0" cb="0"/><line nr="596" mi="2" ci="0" mb="2" cb="0"/><line nr="597" mi="7" ci="0" mb="0" cb="0"/><line nr="603" mi="0" ci="1" mb="0" cb="0"/><line nr="613" mi="4" ci="0" mb="0" cb="0"/><line nr="615" mi="4" ci="0" mb="0" cb="0"/><line nr="616" mi="4" ci="0" mb="0" cb="0"/><line nr="618" mi="5" ci="0" mb="0" cb="0"/><line nr="619" mi="5" ci="0" mb="0" cb="0"/><line nr="620" mi="5" ci="0" mb="0" cb="0"/><line nr="621" mi="5" ci="0" mb="0" cb="0"/><line nr="624" mi="4" ci="0" mb="0" cb="0"/><line nr="625" mi="4" ci="0" mb="0" cb="0"/><line nr="626" mi="5" ci="0" mb="0" cb="0"/><line nr="627" mi="4" ci="0" mb="0" cb="0"/><line nr="628" mi="5" ci="0" mb="0" cb="0"/><line nr="630" mi="4" ci="0" mb="0" cb="0"/><line nr="631" mi="4" ci="0" mb="0" cb="0"/><line nr="632" mi="1" ci="0" mb="0" cb="0"/><line nr="640" mi="0" ci="4" mb="1" cb="1"/><line nr="642" mi="0" ci="1" mb="0" cb="0"/><line nr="645" mi="4" ci="0" mb="0" cb="0"/><line nr="646" mi="3" ci="0" mb="0" cb="0"/><line nr="647" mi="4" ci="0" mb="0" cb="0"/><line nr="648" mi="8" ci="0" mb="0" cb="0"/><line nr="650" mi="4" ci="0" mb="0" cb="0"/><line nr="651" mi="4" ci="0" mb="0" cb="0"/><line nr="653" mi="4" ci="0" mb="0" cb="0"/><line nr="654" mi="10" ci="0" mb="0" cb="0"/><line nr="656" mi="6" ci="0" mb="0" cb="0"/><line nr="657" mi="7" ci="0" mb="0" cb="0"/><line nr="658" mi="1" ci="0" mb="0" cb="0"/><line nr="663" mi="0" ci="4" mb="0" cb="0"/><line nr="664" mi="0" ci="2" mb="1" cb="1"/><line nr="665" mi="1" ci="0" mb="0" cb="0"/><line nr="668" mi="0" ci="4" mb="1" cb="1"/><line nr="669" mi="0" ci="4" mb="0" cb="0"/><line nr="671" mi="0" ci="4" mb="1" cb="1"/><line nr="672" mi="0" ci="4" mb="0" cb="0"/><line nr="674" mi="0" ci="5" mb="1" cb="1"/><line nr="675" mi="0" ci="3" mb="1" cb="1"/><line nr="678" mi="0" ci="4" mb="0" cb="0"/><line nr="679" mi="0" ci="4" mb="0" cb="0"/><line nr="682" mi="4" ci="1" mb="2" cb="0"/><line nr="683" mi="4" ci="0" mb="0" cb="0"/><line nr="685" mi="4" ci="0" mb="2" cb="0"/><line nr="686" mi="6" ci="0" mb="2" cb="0"/><line nr="688" mi="4" ci="0" mb="0" cb="0"/><line nr="692" mi="0" ci="1" mb="0" cb="0"/><line nr="695" mi="0" ci="6" mb="0" cb="0"/><line nr="703" mi="0" ci="2" mb="1" cb="1"/><line nr="704" mi="0" ci="1" mb="0" cb="0"/><line nr="706" mi="3" ci="0" mb="2" cb="0"/><line nr="707" mi="4" ci="0" mb="0" cb="0"/><line nr="709" mi="3" ci="0" mb="2" cb="0"/><line nr="710" mi="4" ci="0" mb="0" cb="0"/><line nr="712" mi="3" ci="0" mb="2" cb="0"/><line nr="713" mi="4" ci="0" mb="0" cb="0"/><line nr="715" mi="3" ci="0" mb="2" cb="0"/><line nr="716" mi="4" ci="0" mb="0" cb="0"/><line nr="718" mi="3" ci="0" mb="2" cb="0"/><line nr="719" mi="4" ci="0" mb="0" cb="0"/><line nr="721" mi="3" ci="0" mb="2" cb="0"/><line nr="722" mi="4" ci="0" mb="0" cb="0"/><line nr="724" mi="4" ci="0" mb="2" cb="0"/><line nr="725" mi="5" ci="0" mb="0" cb="0"/><line nr="727" mi="4" ci="0" mb="2" cb="0"/><line nr="728" mi="4" ci="0" mb="0" cb="0"/><line nr="730" mi="4" ci="0" mb="2" cb="0"/><line nr="731" mi="4" ci="0" mb="0" cb="0"/><line nr="733" mi="4" ci="0" mb="2" cb="0"/><line nr="734" mi="4" ci="0" mb="0" cb="0"/><line nr="736" mi="4" ci="0" mb="2" cb="0"/><line nr="737" mi="6" ci="0" mb="0" cb="0"/><line nr="739" mi="4" ci="0" mb="2" cb="0"/><line nr="740" mi="3" ci="0" mb="0" cb="0"/><line nr="742" mi="6" ci="0" mb="4" cb="0"/><line nr="743" mi="8" ci="0" mb="0" cb="0"/><line nr="745" mi="1" ci="0" mb="0" cb="0"/><line nr="751" mi="5" ci="0" mb="2" cb="0"/><line nr="752" mi="4" ci="0" mb="2" cb="0"/><line nr="753" mi="4" ci="0" mb="2" cb="0"/><line nr="755" mi="10" ci="0" mb="0" cb="0"/><line nr="756" mi="3" ci="0" mb="0" cb="0"/><line nr="757" mi="5" ci="0" mb="0" cb="0"/><line nr="759" mi="1" ci="0" mb="0" cb="0"/><line nr="767" mi="0" ci="3" mb="0" cb="0"/><line nr="768" mi="0" ci="3" mb="0" cb="0"/><line nr="769" mi="0" ci="1" mb="0" cb="0"/><line nr="774" mi="1" ci="0" mb="0" cb="0"/><line nr="777" mi="0" ci="6" mb="0" cb="0"/><line nr="782" mi="4" ci="0" mb="0" cb="0"/><line nr="784" mi="5" ci="0" mb="0" cb="0"/><line nr="785" mi="11" ci="0" mb="2" cb="0"/><line nr="786" mi="4" ci="0" mb="0" cb="0"/><line nr="788" mi="7" ci="0" mb="0" cb="0"/><line nr="789" mi="5" ci="0" mb="2" cb="0"/><line nr="790" mi="8" ci="0" mb="4" cb="0"/><line nr="792" mi="8" ci="0" mb="0" cb="0"/><line nr="793" mi="2" ci="0" mb="2" cb="0"/><line nr="794" mi="9" ci="0" mb="0" cb="0"/><line nr="797" mi="1" ci="0" mb="0" cb="0"/><line nr="798" mi="12" ci="0" mb="0" cb="0"/><line nr="799" mi="1" ci="0" mb="0" cb="0"/><counter type="INSTRUCTION" missed="638" covered="990"/><counter type="BRANCH" missed="98" covered="30"/><counter type="LINE" missed="132" covered="237"/><counter type="COMPLEXITY" missed="89" covered="22"/><counter type="METHOD" missed="28" covered="18"/><counter type="CLASS" missed="0" covered="7"/></sourcefile><sourcefile name="DhcpViewMessageHandler.java"><line nr="36" mi="3" ci="0" mb="0" cb="0"/><line nr="46" mi="16" ci="0" mb="0" cb="0"/><line nr="52" mi="7" ci="0" mb="0" cb="0"/><line nr="62" mi="3" ci="0" mb="0" cb="0"/><line nr="63" mi="5" ci="0" mb="0" cb="0"/><line nr="64" mi="1" ci="0" mb="0" cb="0"/><line nr="68" mi="2" ci="0" mb="0" cb="0"/><line nr="73" mi="2" ci="0" mb="0" cb="0"/><line nr="78" mi="2" ci="0" mb="0" cb="0"/><line nr="83" mi="4" ci="0" mb="0" cb="0"/><line nr="84" mi="3" ci="0" mb="0" cb="0"/><line nr="86" mi="11" ci="0" mb="2" cb="0"/><line nr="87" mi="5" ci="0" mb="0" cb="0"/><line nr="88" mi="1" ci="0" mb="0" cb="0"/><line nr="89" mi="1" ci="0" mb="0" cb="0"/><line nr="92" mi="5" ci="0" mb="2" cb="0"/><line nr="93" mi="15" ci="0" mb="0" cb="0"/><line nr="94" mi="7" ci="0" mb="0" cb="0"/><line nr="95" mi="6" ci="0" mb="0" cb="0"/><line nr="96" mi="3" ci="0" mb="0" cb="0"/><line nr="97" mi="1" ci="0" mb="0" cb="0"/><line nr="98" mi="7" ci="0" mb="0" cb="0"/><line nr="99" mi="6" ci="0" mb="0" cb="0"/><line nr="100" mi="2" ci="0" mb="0" cb="0"/><line nr="102" mi="1" ci="0" mb="0" cb="0"/><counter type="INSTRUCTION" missed="119" covered="0"/><counter type="BRANCH" missed="4" covered="0"/><counter type="LINE" missed="25" covered="0"/><counter type="COMPLEXITY" missed="11" covered="0"/><counter type="METHOD" missed="9" covered="0"/><counter type="CLASS" missed="2" covered="0"/></sourcefile><counter type="INSTRUCTION" missed="1836" covered="990"/><counter type="BRANCH" missed="214" covered="30"/><counter type="LINE" missed="375" covered="237"/><counter type="COMPLEXITY" missed="214" covered="22"/><counter type="METHOD" missed="94" covered="18"/><counter type="CLASS" missed="6" covered="7"/></package><package name="org/onosproject/dhcp/rest"><class name="org/onosproject/dhcp/rest/ApiDocRegistrator"><method name="&lt;init&gt;" desc="()V" line="27"><counter type="INSTRUCTION" missed="10" covered="0"/><counter type="LINE" missed="3" covered="0"/><counter type="COMPLEXITY" missed="1" covered="0"/><counter type="METHOD" missed="1" covered="0"/></method><counter type="INSTRUCTION" missed="10" covered="0"/><counter type="LINE" missed="3" covered="0"/><counter type="COMPLEXITY" missed="1" covered="0"/><counter type="METHOD" missed="1" covered="0"/><counter type="CLASS" missed="1" covered="0"/></class><class name="org/onosproject/dhcp/rest/DhcpWebResource"><method name="&lt;init&gt;" desc="()V" line="47"><counter type="INSTRUCTION" missed="9" covered="0"/><counter type="LINE" missed="2" covered="0"/><counter type="COMPLEXITY" missed="1" covered="0"/><counter type="METHOD" missed="1" covered="0"/></method><method name="getConfigs" desc="()Ljavax/ws/rs/core/Response;" line="61"><counter type="INSTRUCTION" missed="23" covered="0"/><counter type="LINE" missed="5" covered="0"/><counter type="COMPLEXITY" missed="1" covered="0"/><counter type="METHOD" missed="1" covered="0"/></method><method name="listMappings" desc="()Ljavax/ws/rs/core/Response;" line="78"><counter type="INSTRUCTION" missed="22" covered="0"/><counter type="LINE" missed="5" covered="0"/><counter type="COMPLEXITY" missed="1" covered="0"/><counter type="METHOD" missed="1" covered="0"/></method><method name="listAvailableIPs" desc="()Ljavax/ws/rs/core/Response;" line="100"><counter type="INSTRUCTION" missed="20" covered="0"/><counter type="LINE" missed="5" covered="0"/><counter type="COMPLEXITY" missed="1" covered="0"/><counter type="METHOD" missed="1" covered="0"/></method><method name="setMapping" desc="(Ljava/io/InputStream;)Ljavax/ws/rs/core/Response;" line="119"><counter type="INSTRUCTION" missed="78" covered="0"/><counter type="BRANCH" missed="6" covered="0"/><counter type="LINE" missed="20" covered="0"/><counter type="COMPLEXITY" missed="4" covered="0"/><counter type="METHOD" missed="1" covered="0"/></method><method name="deleteMapping" desc="(Ljava/lang/String;)Ljavax/ws/rs/core/Response;" line="160"><counter type="INSTRUCTION" missed="33" covered="0"/><counter type="BRANCH" missed="2" covered="0"/><counter type="LINE" missed="7" covered="0"/><counter type="COMPLEXITY" missed="2" covered="0"/><counter type="METHOD" missed="1" covered="0"/></method><method name="lambda$deleteMapping$3" desc="(Lcom/fasterxml/jackson/databind/node/ArrayNode;Ljava/util/Map$Entry;)V" line="167"><counter type="INSTRUCTION" missed="20" covered="0"/><counter type="LINE" missed="3" covered="0"/><counter type="COMPLEXITY" missed="1" covered="0"/><counter type="METHOD" missed="1" covered="0"/></method><method name="lambda$setMapping$2" desc="(Lcom/fasterxml/jackson/databind/node/ArrayNode;Ljava/util/Map$Entry;)V" line="141"><counter type="INSTRUCTION" missed="20" covered="0"/><counter type="LINE" missed="3" covered="0"/><counter type="COMPLEXITY" missed="1" covered="0"/><counter type="METHOD" missed="1" covered="0"/></method><method name="lambda$listAvailableIPs$1" desc="(Lcom/fasterxml/jackson/databind/node/ArrayNode;Lorg/onlab/packet/Ip4Address;)V" line="103"><counter type="INSTRUCTION" missed="6" covered="0"/><counter type="LINE" missed="1" covered="0"/><counter type="COMPLEXITY" missed="1" covered="0"/><counter type="METHOD" missed="1" covered="0"/></method><method name="lambda$listMappings$0" desc="(Lcom/fasterxml/jackson/databind/node/ArrayNode;Ljava/util/Map$Entry;)V" line="82"><counter type="INSTRUCTION" missed="20" covered="0"/><counter type="LINE" missed="3" covered="0"/><counter type="COMPLEXITY" missed="1" covered="0"/><counter type="METHOD" missed="1" covered="0"/></method><counter type="INSTRUCTION" missed="251" covered="0"/><counter type="BRANCH" missed="8" covered="0"/><counter type="LINE" missed="50" covered="0"/><counter type="COMPLEXITY" missed="14" covered="0"/><counter type="METHOD" missed="10" covered="0"/><counter type="CLASS" missed="1" covered="0"/></class><class name="org/onosproject/dhcp/rest/DhcpWebApplication"><method name="&lt;init&gt;" desc="()V" line="26"><counter type="INSTRUCTION" missed="3" covered="0"/><counter type="LINE" missed="1" covered="0"/><counter type="COMPLEXITY" missed="1" covered="0"/><counter type="METHOD" missed="1" covered="0"/></method><method name="getClasses" desc="()Ljava/util/Set;" line="29"><counter type="INSTRUCTION" missed="9" covered="0"/><counter type="LINE" missed="1" covered="0"/><counter type="COMPLEXITY" missed="1" covered="0"/><counter type="METHOD" missed="1" covered="0"/></method><counter type="INSTRUCTION" missed="12" covered="0"/><counter type="LINE" missed="2" covered="0"/><counter type="COMPLEXITY" missed="2" covered="0"/><counter type="METHOD" missed="2" covered="0"/><counter type="CLASS" missed="1" covered="0"/></class><sourcefile name="ApiDocRegistrator.java"><line nr="27" mi="7" ci="0" mb="0" cb="0"/><line nr="29" mi="2" ci="0" mb="0" cb="0"/><line nr="30" mi="1" ci="0" mb="0" cb="0"/><counter type="INSTRUCTION" missed="10" covered="0"/><counter type="LINE" missed="3" covered="0"/><counter type="COMPLEXITY" missed="1" covered="0"/><counter type="METHOD" missed="1" covered="0"/><counter type="CLASS" missed="1" covered="0"/></sourcefile><sourcefile name="DhcpWebResource.java"><line nr="47" mi="2" ci="0" mb="0" cb="0"/><line nr="49" mi="7" ci="0" mb="0" cb="0"/><line nr="61" mi="6" ci="0" mb="0" cb="0"/><line nr="62" mi="5" ci="0" mb="0" cb="0"/><line nr="63" mi="5" ci="0" mb="0" cb="0"/><line nr="64" mi="3" ci="0" mb="0" cb="0"/><line nr="65" mi="4" ci="0" mb="0" cb="0"/><line nr="78" mi="4" ci="0" mb="0" cb="0"/><line nr="80" mi="4" ci="0" mb="0" cb="0"/><line nr="81" mi="4" ci="0" mb="0" cb="0"/><line nr="82" mi="15" ci="0" mb="0" cb="0"/><line nr="83" mi="6" ci="0" mb="0" cb="0"/><line nr="84" mi="5" ci="0" mb="0" cb="0"/><line nr="86" mi="4" ci="0" mb="0" cb="0"/><line nr="100" mi="4" ci="0" mb="0" cb="0"/><line nr="101" mi="4" ci="0" mb="0" cb="0"/><line nr="102" mi="4" ci="0" mb="0" cb="0"/><line nr="103" mi="10" ci="0" mb="0" cb="0"/><line nr="104" mi="4" ci="0" mb="0" cb="0"/><line nr="119" mi="4" ci="0" mb="0" cb="0"/><line nr="121" mi="6" ci="0" mb="0" cb="0"/><line nr="122" mi="4" ci="0" mb="0" cb="0"/><line nr="123" mi="4" ci="0" mb="0" cb="0"/><line nr="124" mi="4" ci="0" mb="4" cb="0"/><line nr="125" mi="2" ci="0" mb="0" cb="0"/><line nr="126" mi="5" ci="0" mb="0" cb="0"/><line nr="127" mi="5" ci="0" mb="0" cb="0"/><line nr="128" mi="2" ci="0" mb="0" cb="0"/><line nr="129" mi="1" ci="0" mb="0" cb="0"/><line nr="130" mi="2" ci="0" mb="0" cb="0"/><line nr="132" mi="8" ci="0" mb="2" cb="0"/><line nr="134" mi="5" ci="0" mb="0" cb="0"/><line nr="139" mi="4" ci="0" mb="0" cb="0"/><line nr="140" mi="4" ci="0" mb="0" cb="0"/><line nr="141" mi="15" ci="0" mb="0" cb="0"/><line nr="142" mi="6" ci="0" mb="0" cb="0"/><line nr="143" mi="5" ci="0" mb="0" cb="0"/><line nr="144" mi="1" ci="0" mb="0" cb="0"/><line nr="145" mi="6" ci="0" mb="0" cb="0"/><line nr="146" mi="1" ci="0" mb="0" cb="0"/><line nr="147" mi="4" ci="0" mb="0" cb="0"/><line nr="160" mi="4" ci="0" mb="0" cb="0"/><line nr="162" mi="6" ci="0" mb="2" cb="0"/><line nr="163" mi="5" ci="0" mb="0" cb="0"/><line nr="165" mi="4" ci="0" mb="0" cb="0"/><line nr="166" mi="4" ci="0" mb="0" cb="0"/><line nr="167" mi="15" ci="0" mb="0" cb="0"/><line nr="168" mi="6" ci="0" mb="0" cb="0"/><line nr="169" mi="5" ci="0" mb="0" cb="0"/><line nr="171" mi="4" ci="0" mb="0" cb="0"/><counter type="INSTRUCTION" missed="251" covered="0"/><counter type="BRANCH" missed="8" covered="0"/><counter type="LINE" missed="50" covered="0"/><counter type="COMPLEXITY" missed="14" covered="0"/><counter type="METHOD" missed="10" covered="0"/><counter type="CLASS" missed="1" covered="0"/></sourcefile><sourcefile name="DhcpWebApplication.java"><line nr="26" mi="3" ci="0" mb="0" cb="0"/><line nr="29" mi="9" ci="0" mb="0" cb="0"/><counter type="INSTRUCTION" missed="12" covered="0"/><counter type="LINE" missed="2" covered="0"/><counter type="COMPLEXITY" missed="2" covered="0"/><counter type="METHOD" missed="2" covered="0"/><counter type="CLASS" missed="1" covered="0"/></sourcefile><counter type="INSTRUCTION" missed="273" covered="0"/><counter type="BRANCH" missed="8" covered="0"/><counter type="LINE" missed="55" covered="0"/><counter type="COMPLEXITY" missed="17" covered="0"/><counter type="METHOD" missed="13" covered="0"/><counter type="CLASS" missed="3" covered="0"/></package><counter type="INSTRUCTION" missed="2358" covered="990"/><counter type="BRANCH" missed="232" covered="30"/><counter type="LINE" missed="490" covered="237"/><counter type="COMPLEXITY" missed="248" covered="22"/><counter type="METHOD" missed="119" covered="18"/><counter type="CLASS" missed="15" covered="7"/></report>